********************************************************************************
**** Starting ASP.NET Setup at: 2021-01-04 13:06:16
**** Registering ASP.NET isapi: C:\Windows\Microsoft.NET\Framework64\v4.0.30319\aspnet_isapi.dll
**** Internal flags: 0x00000404
********************************************************************************

2021-01-04 13:06:16	Starting	Stopping service: aspnet_state
2021-01-04 13:06:16		Starting	Connecting to Service Manager
2021-01-04 13:06:16		Success 	Connecting to Service Manager
2021-01-04 13:06:16		Starting	Opening Service handle
2021-01-04 13:06:16		Success 	Opening Service handle
2021-01-04 13:06:16	Success 	Stopping service: aspnet_state
2021-01-04 13:06:16	Starting	Changing IIS ApplicationHost.config
2021-01-04 13:06:16	Success 	Changing IIS ApplicationHost.config
2021-01-04 13:06:16	Starting	Registering the Asp.Net Event log source
2021-01-04 13:06:16	Success 	Registering the Asp.Net Event log source
2021-01-04 13:06:16	Starting	Determining if current ASP.NET isapi has the highest version
2021-01-04 13:06:16	Success 	Determining if current ASP.NET isapi has the highest version
2021-01-04 13:06:16	Starting	Installing WMI file:aspnet.mof
2021-01-04 13:06:17	Success 	Installing WMI file:aspnet.mof
2021-01-04 13:06:17	Starting	Setting ACLs on dirs and WMI
2021-01-04 13:06:17		Starting	Getting location of Temporary ASP.Net directory
2021-01-04 13:06:17		Success 	Getting location of Temporary ASP.Net directory
2021-01-04 13:06:17		Starting	Setting ACLs on Temporary ASP.Net directory
2021-01-04 13:06:17		Success 	Setting ACLs on Temporary ASP.Net directory
2021-01-04 13:06:17		Starting	Setting ACLs on install root directory
2021-01-04 13:06:17		Success 	Setting ACLs on install root directory
2021-01-04 13:06:17		Starting	Setting ACLs on config directory
2021-01-04 13:06:17		Success 	Setting ACLs on config directory
2021-01-04 13:06:17		Starting	Grant access to WMI namespace: root\aspnet
2021-01-04 13:06:17		Success 	Grant access to WMI namespace: root\aspnet
2021-01-04 13:06:17	Success 	Setting ACLs on dirs and WMI
2021-01-04 13:06:17	Starting	Install all ASP.NET Services
2021-01-04 13:06:17		Starting	Getting credentials for the service account
2021-01-04 13:06:17		Success 	Getting credentials for the service account
2021-01-04 13:06:17		Starting	Connecting to Service Manager
2021-01-04 13:06:17		Success 	Connecting to Service Manager
2021-01-04 13:06:17		Starting	aspnet_state
2021-01-04 13:06:17		Success 	aspnet_state
2021-01-04 13:06:17		Starting	Reading various service settings for: aspnet_state
2021-01-04 13:06:17		Success 	Reading various service settings for: aspnet_state
2021-01-04 13:06:17		Starting	Executing inf section: StateService.Uninstall
2021-01-04 13:06:17		Success 	Executing inf section: 
2021-01-04 13:06:18		Starting	Executing inf section: StateService.Install
2021-01-04 13:06:18		Success 	Executing inf section: 
2021-01-04 13:06:18		Starting	Locking service database
2021-01-04 13:06:18		Success 	Locking service database
2021-01-04 13:06:18		Starting	Opening Service handle
2021-01-04 13:06:18		Success 	Opening Service handle
2021-01-04 13:06:18		Starting	Writing back various service settings for: aspnet_state
2021-01-04 13:06:18		Success 	Writing back various service settings for: aspnet_state
2021-01-04 13:06:18		Starting	Changing service account and password
2021-01-04 13:06:18		Success 	Changing service account and password
2021-01-04 13:06:18	Success 	Install all ASP.NET Services
2021-01-04 13:06:18	Starting	Executing inf section: MmcAspNetExtCOMComponents.Install
2021-01-04 13:06:18	Success 	Executing inf section: MmcAspNetExtCOMComponents.Install
2021-01-04 13:06:18	Starting	Install the ASP.NET Performance counters
2021-01-04 13:06:19	Success 	Install the ASP.NET Performance counters
2021-01-04 13:06:19	Starting	Install common performance counters
2021-01-04 13:06:20	Success 	Install common performance counters
2021-01-04 13:06:20	Starting	Starting service: aspnet_state
2021-01-04 13:06:20	Success 	Starting service: aspnet_state
