********************************************************************************
**** Starting ASP.NET Setup at: 2021-03-15 11:02:11
**** Registering ASP.NET isapi: C:\Windows\Microsoft.NET\Framework\v4.0.30319\aspnet_isapi.dll
**** Internal flags: 0x00000404
********************************************************************************

2021-03-15 11:02:11	Starting	Stopping service: aspnet_state
2021-03-15 11:02:11		Starting	Connecting to Service Manager
2021-03-15 11:02:11		Success 	Connecting to Service Manager
2021-03-15 11:02:11		Starting	Opening Service handle
2021-03-15 11:02:11		Success 	Opening Service handle
2021-03-15 11:02:11		Starting	Stopping service
2021-03-15 11:02:11			Starting	Finding out service state
2021-03-15 11:02:11			Success 	Finding out service state
2021-03-15 11:02:11			Starting	Shutting down service
2021-03-15 11:02:11			Success 	Shutting down service
2021-03-15 11:02:11			Starting	Waiting for service to shut down
2021-03-15 11:02:11			Success 	Waiting for service to shut down
2021-03-15 11:02:11		Success 	Stopping service
2021-03-15 11:02:11	Success 	Stopping service: aspnet_state
2021-03-15 11:02:11	Starting	Changing IIS ApplicationHost.config
2021-03-15 11:02:11	Success 	Changing IIS ApplicationHost.config
2021-03-15 11:02:11	Starting	Registering the Asp.Net Event log source
2021-03-15 11:02:11	Success 	Registering the Asp.Net Event log source
2021-03-15 11:02:11	Starting	Determining if current ASP.NET isapi has the highest version
2021-03-15 11:02:11	Success 	Determining if current ASP.NET isapi has the highest version
2021-03-15 11:02:11	Starting	Installing WMI file:aspnet.mof
2021-03-15 11:02:12	Success 	Installing WMI file:aspnet.mof
2021-03-15 11:02:12	Starting	Setting ACLs on dirs and WMI
2021-03-15 11:02:12		Starting	Getting location of Temporary ASP.Net directory
2021-03-15 11:02:12		Success 	Getting location of Temporary ASP.Net directory
2021-03-15 11:02:12		Starting	Setting ACLs on Temporary ASP.Net directory
2021-03-15 11:02:12		Success 	Setting ACLs on Temporary ASP.Net directory
2021-03-15 11:02:12		Starting	Setting ACLs on install root directory
2021-03-15 11:02:12		Success 	Setting ACLs on install root directory
2021-03-15 11:02:12		Starting	Setting ACLs on config directory
2021-03-15 11:02:12		Success 	Setting ACLs on config directory
2021-03-15 11:02:12		Starting	Grant access to WMI namespace: root\aspnet
2021-03-15 11:02:12		Success 	Grant access to WMI namespace: root\aspnet
2021-03-15 11:02:12	Success 	Setting ACLs on dirs and WMI
2021-03-15 11:02:12	Starting	Install the ASP.NET Performance counters
2021-03-15 11:02:12	Success 	Install the ASP.NET Performance counters
2021-03-15 11:02:12	Starting	Install common performance counters
2021-03-15 11:02:13	Success 	Install common performance counters
2021-03-15 11:02:13	Starting	Starting service: aspnet_state
2021-03-15 11:02:13	Success 	Starting service: aspnet_state
