[0104/132956.423:VERBOSE1:setup_main.cc(1289)] Command Line: "C:\Program Files (x86)\Google\Chrome\Application\72.0.3626.121\Installer\chrmstp.exe" --configure-user-settings --verbose-logging --system-level
[0104/132956.423:VERBOSE1:setup_main.cc(1295)] system install is 1
[0104/132956.423:VERBOSE1:installer_state.cc(91)] Install Chrome
[0104/132956.423:VERBOSE1:setup_main.cc(1303)] is_migrating_to_single is 0
[0104/132956.438:VERBOSE1:install_util.cc(266)] Windows NT 6.1.7600
[0104/132956.438:VERBOSE1:install_worker.cc(1015)] Adding unregistration items for per-user Metro keys.
[0104/132956.438:VERBOSE1:work_item_list.cc(34)] Beginning execution of work item list Cleanup deprecated per-user registrations
[0104/132956.438:VERBOSE1:install_util.cc(447)] Deleting registry key Software\Google\Chrome\Metro
[0104/132956.438:VERBOSE1:install_util.cc(447)] Deleting registry key Software\Google\Chrome\Metro
[0104/132956.438:VERBOSE1:work_item_list.cc(55)] Successful execution of work item list Cleanup deprecated per-user registrations
[0104/132956.438:VERBOSE1:install.cc(115)] Overwriting per-user Desktop "Google Chrome" shortcut to C:\Program Files (x86)\Google\Chrome\Application\chrome.exe.
[0104/132956.454:WARNING:install.cc(113)] Failed: Overwriting (maybe the shortcut doesn't exist?) per-user Desktop "Google Chrome" shortcut to C:\Program Files (x86)\Google\Chrome\Application\chrome.exe.
[0104/132956.454:VERBOSE1:install.cc(115)] Overwriting per-user Quick Launch "Google Chrome" shortcut to C:\Program Files (x86)\Google\Chrome\Application\chrome.exe.
[0104/132956.470:VERBOSE1:install.cc(115)] Overwriting per-user Start menu "Google Chrome" shortcut to C:\Program Files (x86)\Google\Chrome\Application\chrome.exe.
[0104/132956.470:WARNING:install.cc(113)] Failed: Overwriting (maybe the shortcut doesn't exist?) per-user Start menu "Google Chrome" shortcut to C:\Program Files (x86)\Google\Chrome\Application\chrome.exe.
[0104/132956.485:ERROR:persistent_histogram_storage.cc(96)] Persistent histograms fail to write to file: C:\Program Files (x86)\Google\Chrome\Application\SetupMetrics\20210104132956.pma
[0104/133909.553:VERBOSE1:setup_main.cc(1320)] Command Line: "C:\Program Files (x86)\Google\Update\Install\{B7A56C93-CDFC-4132-ADA4-855F6392ECE7}\CR_E9837.tmp\setup.exe" --install-archive="C:\Program Files (x86)\Google\Update\Install\{B7A56C93-CDFC-4132-ADA4-855F6392ECE7}\CR_E9837.tmp\CHROME.PACKED.7Z" --verbose-logging --do-not-launch-chrome --system-level /installerdata="C:\Windows\TEMP\gui4069.tmp"
[0104/133909.564:VERBOSE1:setup_main.cc(1326)] system install is 1
[0104/133909.564:VERBOSE1:install_util.cc(219)] Existing Chrome version found: 72.0.3626.121
[0104/133909.565:VERBOSE1:installer_state.cc(86)] Install Chrome
[0104/133909.598:VERBOSE1:install_util.cc(250)] Windows NT 6.1.7600
[0104/133909.600:VERBOSE1:install_util.cc(219)] Existing Chrome version found: 72.0.3626.121
[0104/133909.600:VERBOSE1:installer_state.cc(86)] Install Chrome
[0104/133909.601:VERBOSE1:setup_main.cc(672)] Installing to C:\Program Files (x86)\Google\Chrome\Application
[0104/133909.601:VERBOSE1:setup_main.cc(579)] Created path C:\Program Files (x86)\Google\Chrome\Temp
[0104/133909.602:VERBOSE1:setup_main.cc(1084)] Installing Chrome from compressed archive C:\Program Files (x86)\Google\Update\Install\{B7A56C93-CDFC-4132-ADA4-855F6392ECE7}\CR_E9837.tmp\CHROME.PACKED.7Z
[0104/133909.602:VERBOSE1:lzma_util.cc(119)] Opening archive C:\Program Files (x86)\Google\Update\Install\{B7A56C93-CDFC-4132-ADA4-855F6392ECE7}\CR_E9837.tmp\CHROME.PACKED.7Z
[0104/133909.602:VERBOSE1:lzma_util.cc(125)] Uncompressing archive to path C:\Program Files (x86)\Google\Chrome\Temp\source4900_852304148
[0104/133916.422:VERBOSE1:lzma_util.cc(119)] Opening archive C:\Program Files (x86)\Google\Chrome\Temp\source4900_852304148\chrome.7z
[0104/133916.422:VERBOSE1:lzma_util.cc(125)] Uncompressing archive to path C:\Program Files (x86)\Google\Chrome\Temp\source4900_852304148
[0104/133918.912:VERBOSE1:setup_main.cc(1143)] unpacked to C:\Program Files (x86)\Google\Chrome\Temp\source4900_852304148
[0104/133918.912:VERBOSE1:setup_util.cc(265)] Looking for Chrome version folder under C:\Program Files (x86)\Google\Chrome\Temp\source4900_852304148\Chrome-bin
[0104/133918.913:VERBOSE1:setup_util.cc(276)] directory found: 87.0.4280.88
[0104/133918.913:VERBOSE1:setup_main.cc(1153)] version to install: 87.0.4280.88
[0104/133918.914:VERBOSE1:install.cc(309)] Successfully wrote chrome.VisualElementsManifest.xml to C:\Program Files (x86)\Google\Chrome\Temp\source4900_852304148\Chrome-bin
[0104/133918.914:VERBOSE1:install_worker.cc(947)] Adding unregistration items for per-user Metro keys.
[0104/133918.914:VERBOSE1:install_worker.cc(970)] Adding registration items for Active Setup.
[0104/133918.916:VERBOSE1:work_item_list.cc(33)] Beginning execution of work item list 
[0104/133918.916:VERBOSE1:create_dir_work_item.cc(31)] creating directory C:\Program Files (x86)\Google\Chrome\Temp
[0104/133918.917:VERBOSE1:create_dir_work_item.cc(31)] creating directory C:\Program Files (x86)\Google\Chrome\Application
[0104/133918.970:VERBOSE1:create_dir_work_item.cc(31)] creating directory C:\Program Files (x86)\Google\Chrome\Application\SetupMetrics
[0104/133918.972:VERBOSE1:copy_tree_work_item.cc(81)] Moved destination C:\Program Files (x86)\Google\Chrome\Application\chrome.exe to backup path C:\Program Files (x86)\Google\Chrome\Temp\scoped_dir4900_1410942694\chrome.exe
[0104/133918.975:VERBOSE1:copy_tree_work_item.cc(93)] Copied source C:\Program Files (x86)\Google\Chrome\Temp\source4900_852304148\Chrome-bin\chrome.exe to destination C:\Program Files (x86)\Google\Chrome\Application\chrome.exe
[0104/133918.976:VERBOSE1:move_tree_work_item.cc(76)] Moved destination C:\Program Files (x86)\Google\Chrome\Application\chrome.VisualElementsManifest.xml to backup path C:\Program Files (x86)\Google\Chrome\Temp\scoped_dir4900_1707147735\chrome.VisualElementsManifest.xml
[0104/133918.976:VERBOSE1:move_tree_work_item.cc(88)] Moved source C:\Program Files (x86)\Google\Chrome\Temp\source4900_852304148\Chrome-bin\chrome.VisualElementsManifest.xml to destination C:\Program Files (x86)\Google\Chrome\Application\chrome.VisualElementsManifest.xml
[0104/133918.979:VERBOSE1:move_tree_work_item.cc(88)] Moved source C:\Program Files (x86)\Google\Chrome\Temp\source4900_852304148\Chrome-bin\87.0.4280.88 to destination C:\Program Files (x86)\Google\Chrome\Application\87.0.4280.88
[0104/133918.979:VERBOSE1:create_dir_work_item.cc(31)] creating directory C:\Program Files (x86)\Google\Chrome\Application\87.0.4280.88\Installer
[0104/133918.980:VERBOSE1:create_dir_work_item.cc(36)] Top directory that needs to be created: C:\Program Files (x86)\Google\Chrome\Application\87.0.4280.88\Installer
[0104/133918.980:VERBOSE1:create_dir_work_item.cc(39)] Created directory
[0104/133918.984:VERBOSE1:copy_tree_work_item.cc(93)] Copied source C:\Program Files (x86)\Google\Update\Install\{B7A56C93-CDFC-4132-ADA4-855F6392ECE7}\CR_E9837.tmp\setup.exe to destination C:\Program Files (x86)\Google\Chrome\Application\87.0.4280.88\Installer\setup.exe
[0104/133918.987:VERBOSE1:copy_tree_work_item.cc(93)] Copied source C:\Program Files (x86)\Google\Update\Install\{B7A56C93-CDFC-4132-ADA4-855F6392ECE7}\CR_E9837.tmp\setup.exe to destination C:\Program Files (x86)\Google\Chrome\Application\87.0.4280.88\Installer\chrmstp.exe
[0104/133918.988:VERBOSE1:move_tree_work_item.cc(88)] Moved source C:\Program Files (x86)\Google\Chrome\Temp\source4900_852304148\chrome.7z to destination C:\Program Files (x86)\Google\Chrome\Application\87.0.4280.88\Installer\chrome.7z
[0104/133918.989:VERBOSE1:install_util.cc(362)] Deleting registry key Software\Google\Chrome\Metro
[0104/133918.989:VERBOSE1:install_util.cc(362)] Deleting registry key Software\Google\Chrome\Metro
[0104/133918.989:VERBOSE1:delete_reg_value_work_item.cc(44)] (delete value) Key: Software\Google\Update\Clients\{8A69D345-D564-463c-AFF1-A69D9E530F96}\Commands\on-os-upgrade or Value: SendsPings does not exist.
[0104/133918.989:VERBOSE1:delete_reg_value_work_item.cc(44)] (delete value) Key: Software\Google\Update\Clients\{8A69D345-D564-463c-AFF1-A69D9E530F96}\Commands\on-os-upgrade or Value: WebAccessible does not exist.
[0104/133918.989:VERBOSE1:delete_reg_value_work_item.cc(44)] (delete value) Key: Software\Google\Update\Clients\{8A69D345-D564-463c-AFF1-A69D9E530F96}\Commands\on-os-upgrade or Value: RunAsUser does not exist.
[0104/133918.989:VERBOSE1:delete_reg_value_work_item.cc(44)] (delete value) Key: Software\Google\Update\Clients\{8A69D345-D564-463c-AFF1-A69D9E530F96}\Commands\store-dmtoken or Value: SendsPings does not exist.
[0104/133918.989:VERBOSE1:delete_reg_value_work_item.cc(44)] (delete value) Key: Software\Google\Update\Clients\{8A69D345-D564-463c-AFF1-A69D9E530F96}\Commands\store-dmtoken or Value: AutoRunOnOSUpgrade does not exist.
[0104/133918.989:VERBOSE1:delete_reg_value_work_item.cc(44)] (delete value) Key: Software\Google\Update\Clients\{8A69D345-D564-463c-AFF1-A69D9E530F96}\Commands\store-dmtoken or Value: RunAsUser does not exist.
[0104/133919.016:VERBOSE1:install_util.cc(362)] Deleting registry key Software\Classes\CLSID\{A2C6CB58-C076-425C-ACB7-6D19D64428CD}
[0104/133919.016:VERBOSE1:install_util.cc(362)] Deleting registry key Software\Classes\CLSID\{A2C6CB58-C076-425C-ACB7-6D19D64428CD}
[0104/133919.024:VERBOSE1:create_reg_key_work_item.cc(75)] created Software\Classes\CLSID\{A2C6CB58-C076-425C-ACB7-6D19D64428CD}
[0104/133919.024:VERBOSE1:create_reg_key_work_item.cc(75)] created Software\Classes\CLSID\{A2C6CB58-C076-425C-ACB7-6D19D64428CD}\LocalServer32
[0104/133919.033:VERBOSE1:work_item_list.cc(33)] Beginning execution of work item list 
[0104/133919.033:VERBOSE1:work_item_list.cc(54)] Successful execution of work item list 
[0104/133919.034:VERBOSE1:delete_reg_value_work_item.cc(44)] (delete value) Key: Software\Google\Update\ClientState\{8A69D345-D564-463c-AFF1-A69D9E530F96} or Value: DowngradeVersion does not exist.
[0104/133919.034:VERBOSE1:conditional_work_item_list.cc(16)] Evaluating InUseUpdateWorkItemList condition...
[0104/133919.034:VERBOSE1:conditional_work_item_list.cc(21)] No work to do in condition work item list InUseUpdateWorkItemList
[0104/133919.034:VERBOSE1:conditional_work_item_list.cc(16)] Evaluating RegularUpdateWorkItemList condition...
[0104/133919.034:VERBOSE1:conditional_work_item_list.cc(18)] Beginning conditional work item list
[0104/133919.034:VERBOSE1:work_item_list.cc(33)] Beginning execution of work item list RegularUpdateWorkItemList
[0104/133919.034:VERBOSE1:delete_reg_value_work_item.cc(44)] (delete value) Key: Software\Google\Update\Clients\{8A69D345-D564-463c-AFF1-A69D9E530F96} or Value: channel does not exist.
[0104/133919.034:VERBOSE1:delete_reg_value_work_item.cc(44)] (delete value) Key: Software\Google\Update\Clients\{8A69D345-D564-463c-AFF1-A69D9E530F96} or Value: opv does not exist.
[0104/133919.034:VERBOSE1:delete_reg_value_work_item.cc(44)] (delete value) Key: Software\Google\Update\Clients\{8A69D345-D564-463c-AFF1-A69D9E530F96} or Value: cpv does not exist.
[0104/133919.034:VERBOSE1:delete_reg_value_work_item.cc(44)] (delete value) Key: Software\Google\Update\Clients\{8A69D345-D564-463c-AFF1-A69D9E530F96} or Value: cmd does not exist.
[0104/133919.036:VERBOSE1:copy_tree_work_item.cc(93)] Copied source C:\Program Files (x86)\Google\Chrome\Temp\source4900_852304148\Chrome-bin\chrome_proxy.exe to destination C:\Program Files (x86)\Google\Chrome\Application\chrome_proxy.exe
[0104/133919.036:VERBOSE1:work_item_list.cc(54)] Successful execution of work item list RegularUpdateWorkItemList
[0104/133919.036:VERBOSE1:work_item_list.cc(54)] Successful execution of work item list 
[0104/133919.037:VERBOSE1:install.cc(218)] Version updated to 87.0.4280.88
[0104/133919.038:VERBOSE1:install.cc(118)] Overwriting all-users Desktop "Google Chrome" shortcut to C:\Program Files (x86)\Google\Chrome\Application\chrome.exe.
[0104/133919.041:WARNING:install.cc(116)] Failed: Overwriting (maybe the shortcut doesn't exist?) all-users Desktop "Google Chrome" shortcut to C:\Program Files (x86)\Google\Chrome\Application\chrome.exe.
[0104/133919.041:VERBOSE1:install.cc(118)] Overwriting per-user Quick Launch "Google Chrome" shortcut to C:\Program Files (x86)\Google\Chrome\Application\chrome.exe.
[0104/133919.067:VERBOSE1:install.cc(118)] Overwriting all-users Start menu "Google Chrome" shortcut to C:\Program Files (x86)\Google\Chrome\Application\chrome.exe.
[0104/133919.072:VERBOSE1:install.cc(136)] Adding Chrome to Media player list at Software\Microsoft\MediaPlayer\ShimInclusionList\chrome.exe
[0104/133919.072:VERBOSE1:setup_util.cc(639)] Registering Chrome's event log provider at SYSTEM\CurrentControlSet\Services\EventLog\Application\Chrome
[0104/133919.072:VERBOSE1:work_item_list.cc(33)] Beginning execution of work item list Register event log provider
[0104/133919.072:VERBOSE1:work_item_list.cc(54)] Successful execution of work item list Register event log provider
[0104/133919.072:VERBOSE1:install.cc(433)] Registering Chrome as browser: C:\Program Files (x86)\Google\Chrome\Application\chrome.exe
[0104/133919.073:VERBOSE1:work_item_list.cc(33)] Beginning execution of work item list 
[0104/133919.073:VERBOSE1:delete_reg_value_work_item.cc(44)] (delete value) Key: Software\Classes\ChromeHTML\shell\open\command or Value: DelegateExecute does not exist.
[0104/133919.074:VERBOSE1:create_reg_key_work_item.cc(75)] created Software\Classes\ChromeHTML\Application
[0104/133919.076:VERBOSE1:install_util.cc(362)] Deleting registry key Software\Classes\Chrome\.exe\shell
[0104/133919.076:VERBOSE1:install_util.cc(362)] Deleting registry key Software\Classes\Chrome\.exe\shell\open
[0104/133919.076:VERBOSE1:install_util.cc(362)] Deleting registry key Software\Classes\Chrome\.exe\shell\open\command
[0104/133919.076:VERBOSE1:install_util.cc(362)] Deleting registry key Software\Classes\Chrome\.exe\shell\open\command
[0104/133919.076:VERBOSE1:install_util.cc(362)] Deleting registry key Software\Classes\Chrome\.exe\shell\opennewwindow
[0104/133919.076:VERBOSE1:install_util.cc(362)] Deleting registry key Software\Classes\Chrome\.exe\shell\opennewwindow
[0104/133919.076:VERBOSE1:install_util.cc(362)] Deleting registry key Software\Classes\Chrome\.exe\shell\opennewwindow\command
[0104/133919.076:VERBOSE1:install_util.cc(362)] Deleting registry key Software\Classes\Chrome\.exe\shell\opennewwindow\command
[0104/133919.077:VERBOSE1:work_item_list.cc(54)] Successful execution of work item list 
[0104/133919.077:VERBOSE1:work_item_list.cc(33)] Beginning execution of work item list 
[0104/133919.081:VERBOSE1:work_item_list.cc(54)] Successful execution of work item list 
[0104/133919.082:WARNING:delete_old_versions.cc(92)] Attempting to delete stray directory C:\Program Files (x86)\Google\Chrome\Application\72.0.3626.121
[0104/133919.110:VERBOSE1:work_item_list.cc(33)] Beginning execution of work item list Write Installer Result
[0104/133919.111:VERBOSE1:work_item_list.cc(54)] Successful execution of work item list Write Installer Result
[0104/133919.111:VERBOSE1:install_util.cc(362)] Deleting registry key Software\Classes\ChromeExt
[0104/133919.112:VERBOSE1:install_util.cc(362)] Deleting registry key Software\Classes\.crx
[0104/133919.112:VERBOSE1:install_util.cc(362)] Deleting registry key Software\Classes\ChromeExt
[0104/133919.112:VERBOSE1:install_util.cc(362)] Deleting registry key Software\Classes\.crx
[0104/133919.112:VERBOSE1:setup_main.cc(1271)] Deleting temporary directory C:\Program Files (x86)\Google\Chrome\Temp
[0104/133919.114:VERBOSE1:google_update_settings.cc(456)] Removed incremental installer failure key; switching to channel: x64-stable-statsdef_1
[0104/133919.114:VERBOSE1:setup_main.cc(1519)] Installation complete, returning: 0
[0104/135813.411:VERBOSE1:setup_main.cc(1320)] Command Line: "C:\Program Files (x86)\Google\Chrome\Application\87.0.4280.88\Installer\chrmstp.exe" --configure-user-settings --verbose-logging --system-level
[0104/135813.411:VERBOSE1:setup_main.cc(1326)] system install is 1
[0104/135813.411:VERBOSE1:install_util.cc(219)] Existing Chrome version found: 87.0.4280.88
[0104/135813.411:VERBOSE1:installer_state.cc(86)] Install Chrome
[0104/135813.427:VERBOSE1:install_util.cc(250)] Windows NT 6.1.7601 SP1
[0104/135813.427:VERBOSE1:install_worker.cc(947)] Adding unregistration items for per-user Metro keys.
[0104/135813.427:VERBOSE1:work_item_list.cc(33)] Beginning execution of work item list Cleanup deprecated per-user registrations
[0104/135813.427:VERBOSE1:install_util.cc(362)] Deleting registry key Software\Google\Chrome\Metro
[0104/135813.427:VERBOSE1:install_util.cc(362)] Deleting registry key Software\Google\Chrome\Metro
[0104/135813.427:VERBOSE1:work_item_list.cc(54)] Successful execution of work item list Cleanup deprecated per-user registrations
[0104/135813.427:VERBOSE1:install.cc(118)] Overwriting per-user Desktop "Google Chrome" shortcut to C:\Program Files (x86)\Google\Chrome\Application\chrome.exe.
[0104/135813.442:WARNING:install.cc(116)] Failed: Overwriting (maybe the shortcut doesn't exist?) per-user Desktop "Google Chrome" shortcut to C:\Program Files (x86)\Google\Chrome\Application\chrome.exe.
[0104/135813.442:VERBOSE1:install.cc(118)] Overwriting per-user Quick Launch "Google Chrome" shortcut to C:\Program Files (x86)\Google\Chrome\Application\chrome.exe.
[0104/135813.458:VERBOSE1:install.cc(118)] Overwriting per-user Start menu "Google Chrome" shortcut to C:\Program Files (x86)\Google\Chrome\Application\chrome.exe.
[0104/135813.458:WARNING:install.cc(116)] Failed: Overwriting (maybe the shortcut doesn't exist?) per-user Start menu "Google Chrome" shortcut to C:\Program Files (x86)\Google\Chrome\Application\chrome.exe.
[0104/135813.458:VERBOSE1:install_util.cc(221)] No existing Chrome install found.
[0104/135813.458:VERBOSE1:install_util.cc(219)] Existing Chrome version found: 87.0.4280.88
[0104/135813.458:VERBOSE1:install_util.cc(221)] No existing Chrome install found.
[0104/135813.458:VERBOSE1:install_util.cc(219)] Existing Chrome version found: 87.0.4280.88
[0104/135813.458:VERBOSE1:install_util.cc(221)] No existing Chrome install found.
[0104/135813.458:VERBOSE1:install_util.cc(219)] Existing Chrome version found: 87.0.4280.88
[0104/135813.458:ERROR:persistent_histogram_storage.cc(146)] Persistent histograms fail to write to file: C:\Program Files (x86)\Google\Chrome\Application\SetupMetrics\20210104135813.pma
