[0B38:0600][2021-01-04T13:59:52]i001: Burn v3.10.4.4718, Windows v6.1 (Build 7601: Service Pack 1), path: C:\Windows\Temp\{C451D855-0E00-4B2C-91C7-80B1843EEB06}\.cr\VC_redist.x86.exe
[0B38:0600][2021-01-04T13:59:52]i009: Command Line: '-burn.clean.room=C:\Users\User\Desktop\VC_redist.x86.exe -burn.filehandle.attached=180 -burn.filehandle.self=188'
[0B38:0600][2021-01-04T13:59:52]i000: Setting string variable 'WixBundleOriginalSource' to value 'C:\Users\User\Desktop\VC_redist.x86.exe'
[0B38:0600][2021-01-04T13:59:52]i000: Setting string variable 'WixBundleOriginalSourceFolder' to value 'C:\Users\User\Desktop\'
[0B38:0600][2021-01-04T13:59:52]i000: Setting string variable 'WixBundleLog' to value 'C:\Users\User\AppData\Local\Temp\dd_vcredist_x86_20210104135952.log'
[0B38:0600][2021-01-04T13:59:52]i000: Setting string variable 'WixBundleName' to value 'Microsoft Visual C++ 2015-2019 Redistributable (x86) - 14.28.29325'
[0B38:0600][2021-01-04T13:59:52]i000: Setting string variable 'WixBundleManufacturer' to value 'Microsoft Corporation'
[0B38:01AC][2021-01-04T13:59:52]i000: Setting version variable 'WixBundleFileVersion' to value '14.28.29325.2'
[0B38:0600][2021-01-04T13:59:52]i100: Detect begin, 10 packages
[0B38:0600][2021-01-04T13:59:52]i000: Setting version variable 'windows_uCRT_DetectKey' to value '10.0.10240.16390'
[0B38:0600][2021-01-04T13:59:52]i000: Setting numeric variable 'windows_uCRT_DetectKeyExists' to value 1
[0B38:0600][2021-01-04T13:59:52]i052: Condition '(VersionNT = v6.3 AND NOT VersionNT64) AND (windows_uCRT_DetectKeyExists AND windows_uCRT_DetectKey >= v10.0.10240.0)' evaluates to false.
[0B38:0600][2021-01-04T13:59:52]i052: Condition '(VersionNT = v6.3 AND VersionNT64) AND (windows_uCRT_DetectKeyExists AND windows_uCRT_DetectKey >= v10.0.10240.0)' evaluates to false.
[0B38:0600][2021-01-04T13:59:52]i052: Condition '(VersionNT = v6.2 AND NOT VersionNT64) AND (windows_uCRT_DetectKeyExists AND windows_uCRT_DetectKey >= v10.0.10240.0)' evaluates to false.
[0B38:0600][2021-01-04T13:59:52]i052: Condition '(VersionNT = v6.2 AND VersionNT64) AND (windows_uCRT_DetectKeyExists AND windows_uCRT_DetectKey >= v10.0.10240.0)' evaluates to false.
[0B38:0600][2021-01-04T13:59:52]i052: Condition '(VersionNT = v6.1 AND NOT VersionNT64) AND (windows_uCRT_DetectKeyExists AND windows_uCRT_DetectKey >= v10.0.10240.0)' evaluates to false.
[0B38:0600][2021-01-04T13:59:52]i052: Condition '(VersionNT = v6.1 AND VersionNT64) AND (windows_uCRT_DetectKeyExists AND windows_uCRT_DetectKey >= v10.0.10240.0)' evaluates to true.
[0B38:0600][2021-01-04T13:59:52]i052: Condition '(VersionNT = v6.0 AND NOT VersionNT64) AND (windows_uCRT_DetectKeyExists AND windows_uCRT_DetectKey >= v10.0.10240.0)' evaluates to false.
[0B38:0600][2021-01-04T13:59:52]i052: Condition '(VersionNT = v6.0 AND VersionNT64) AND (windows_uCRT_DetectKeyExists AND windows_uCRT_DetectKey >= v10.0.10240.0)' evaluates to false.
[0B38:0600][2021-01-04T13:59:52]i103: Detected related package: {64D82C1B-C436-3568-BB82-B5143D14223C}, scope: PerMachine, version: 14.0.22310.0, language: 0 operation: MajorUpgrade
[0B38:0600][2021-01-04T13:59:52]i103: Detected related package: {704E2674-53C3-34CA-953F-5461AEB5FA27}, scope: PerMachine, version: 14.0.22310.0, language: 0 operation: MajorUpgrade
[0B38:0600][2021-01-04T13:59:52]i101: Detected package: Windows81_x86, state: Absent, cached: None
[0B38:0600][2021-01-04T13:59:52]i101: Detected package: Windows81_x64, state: Absent, cached: None
[0B38:0600][2021-01-04T13:59:52]i101: Detected package: Windows8_x86, state: Absent, cached: None
[0B38:0600][2021-01-04T13:59:52]i101: Detected package: Windows8_x64, state: Absent, cached: None
[0B38:0600][2021-01-04T13:59:52]i101: Detected package: Windows7_MSU_x86, state: Absent, cached: None
[0B38:0600][2021-01-04T13:59:52]i101: Detected package: Windows7_MSU_x64, state: Present, cached: Complete
[0B38:0600][2021-01-04T13:59:52]i101: Detected package: WindowsVista_MSU_x86, state: Absent, cached: None
[0B38:0600][2021-01-04T13:59:52]i101: Detected package: WindowsVista_MSU_x64, state: Absent, cached: None
[0B38:0600][2021-01-04T13:59:52]i101: Detected package: vcRuntimeMinimum_x86, state: Absent, cached: None
[0B38:0600][2021-01-04T13:59:52]i101: Detected package: vcRuntimeAdditional_x86, state: Absent, cached: None
[0B38:0600][2021-01-04T13:59:52]i052: Condition 'VersionNT >= v6.0 OR (VersionNT = v5.1 AND ServicePackLevel >= 2) OR (VersionNT = v5.2 AND ServicePackLevel >= 1)' evaluates to true.
[0B38:0600][2021-01-04T13:59:52]i199: Detect complete, result: 0x0
[0B38:01AC][2021-01-04T13:59:54]i000: Setting numeric variable 'EulaAcceptCheckbox' to value 1
[0B38:0600][2021-01-04T13:59:54]i200: Plan begin, 10 packages, action: Install
[0B38:0600][2021-01-04T13:59:54]i052: Condition 'VersionNT = v6.3 AND NOT VersionNT64' evaluates to false.
[0B38:0600][2021-01-04T13:59:54]w321: Skipping dependency registration on package with no dependency providers: Windows81_x86
[0B38:0600][2021-01-04T13:59:54]i052: Condition 'VersionNT = v6.3 AND VersionNT64' evaluates to false.
[0B38:0600][2021-01-04T13:59:54]w321: Skipping dependency registration on package with no dependency providers: Windows81_x64
[0B38:0600][2021-01-04T13:59:54]i052: Condition 'VersionNT = v6.2 AND NOT VersionNT64' evaluates to false.
[0B38:0600][2021-01-04T13:59:54]w321: Skipping dependency registration on package with no dependency providers: Windows8_x86
[0B38:0600][2021-01-04T13:59:54]i052: Condition 'VersionNT = v6.2 AND VersionNT64' evaluates to false.
[0B38:0600][2021-01-04T13:59:54]w321: Skipping dependency registration on package with no dependency providers: Windows8_x64
[0B38:0600][2021-01-04T13:59:54]i052: Condition 'VersionNT = v6.1 AND NOT VersionNT64' evaluates to false.
[0B38:0600][2021-01-04T13:59:54]w321: Skipping dependency registration on package with no dependency providers: Windows7_MSU_x86
[0B38:0600][2021-01-04T13:59:54]i052: Condition 'VersionNT = v6.1 AND VersionNT64' evaluates to true.
[0B38:0600][2021-01-04T13:59:54]w321: Skipping dependency registration on package with no dependency providers: Windows7_MSU_x64
[0B38:0600][2021-01-04T13:59:54]i052: Condition 'VersionNT = v6.0 AND NOT VersionNT64' evaluates to false.
[0B38:0600][2021-01-04T13:59:54]w321: Skipping dependency registration on package with no dependency providers: WindowsVista_MSU_x86
[0B38:0600][2021-01-04T13:59:54]i052: Condition 'VersionNT = v6.0 AND VersionNT64' evaluates to false.
[0B38:0600][2021-01-04T13:59:54]w321: Skipping dependency registration on package with no dependency providers: WindowsVista_MSU_x64
[0B38:0600][2021-01-04T13:59:54]i000: Setting string variable 'WixBundleRollbackLog_vcRuntimeMinimum_x86' to value 'C:\Users\User\AppData\Local\Temp\dd_vcredist_x86_20210104135952_000_vcRuntimeMinimum_x86_rollback.log'
[0B38:0600][2021-01-04T13:59:54]i000: Setting string variable 'WixBundleLog_vcRuntimeMinimum_x86' to value 'C:\Users\User\AppData\Local\Temp\dd_vcredist_x86_20210104135952_000_vcRuntimeMinimum_x86.log'
[0B38:0600][2021-01-04T13:59:54]i000: Setting string variable 'WixBundleRollbackLog_vcRuntimeAdditional_x86' to value 'C:\Users\User\AppData\Local\Temp\dd_vcredist_x86_20210104135952_001_vcRuntimeAdditional_x86_rollback.log'
[0B38:0600][2021-01-04T13:59:54]i000: Setting string variable 'WixBundleLog_vcRuntimeAdditional_x86' to value 'C:\Users\User\AppData\Local\Temp\dd_vcredist_x86_20210104135952_001_vcRuntimeAdditional_x86.log'
[0B38:0600][2021-01-04T13:59:54]i201: Planned package: Windows81_x86, state: Absent, default requested: Absent, ba requested: Absent, execute: None, rollback: None, cache: No, uncache: No, dependency: None
[0B38:0600][2021-01-04T13:59:54]i201: Planned package: Windows81_x64, state: Absent, default requested: Absent, ba requested: Absent, execute: None, rollback: None, cache: No, uncache: No, dependency: None
[0B38:0600][2021-01-04T13:59:54]i201: Planned package: Windows8_x86, state: Absent, default requested: Absent, ba requested: Absent, execute: None, rollback: None, cache: No, uncache: No, dependency: None
[0B38:0600][2021-01-04T13:59:54]i201: Planned package: Windows8_x64, state: Absent, default requested: Absent, ba requested: Absent, execute: None, rollback: None, cache: No, uncache: No, dependency: None
[0B38:0600][2021-01-04T13:59:54]i201: Planned package: Windows7_MSU_x86, state: Absent, default requested: Absent, ba requested: Absent, execute: None, rollback: None, cache: No, uncache: No, dependency: None
[0B38:0600][2021-01-04T13:59:54]i201: Planned package: Windows7_MSU_x64, state: Present, default requested: Present, ba requested: Present, execute: None, rollback: None, cache: No, uncache: No, dependency: None
[0B38:0600][2021-01-04T13:59:54]i201: Planned package: WindowsVista_MSU_x86, state: Absent, default requested: Absent, ba requested: Absent, execute: None, rollback: None, cache: No, uncache: No, dependency: None
[0B38:0600][2021-01-04T13:59:54]i201: Planned package: WindowsVista_MSU_x64, state: Absent, default requested: Absent, ba requested: Absent, execute: None, rollback: None, cache: No, uncache: No, dependency: None
[0B38:0600][2021-01-04T13:59:54]i201: Planned package: vcRuntimeMinimum_x86, state: Absent, default requested: Present, ba requested: Present, execute: Install, rollback: Uninstall, cache: Yes, uncache: No, dependency: Register
[0B38:0600][2021-01-04T13:59:54]i201: Planned package: vcRuntimeAdditional_x86, state: Absent, default requested: Present, ba requested: Present, execute: Install, rollback: Uninstall, cache: Yes, uncache: No, dependency: Register
[0B38:0600][2021-01-04T13:59:54]i299: Plan complete, result: 0x0
[0B38:0600][2021-01-04T13:59:54]i300: Apply begin
[0B38:0600][2021-01-04T13:59:54]i010: Launching elevated engine process.
[0B38:0600][2021-01-04T13:59:54]i011: Launched elevated engine process.
[0B38:0600][2021-01-04T13:59:54]i012: Connected to elevated engine.
[0620:0E74][2021-01-04T13:59:54]i358: Pausing automatic updates.
[0620:0E74][2021-01-04T13:59:54]i359: Paused automatic updates.
[0620:0E74][2021-01-04T13:59:54]i360: Creating a system restore point.
[0620:0E74][2021-01-04T14:00:01]i361: Created a system restore point.
[0620:0E74][2021-01-04T14:00:01]i370: Session begin, registration key: SOFTWARE\Microsoft\Windows\CurrentVersion\Uninstall\{d7a6435f-ac9a-4af6-8fdc-ca130d13fac9}, options: 0x7, disable resume: No
[0620:0E74][2021-01-04T14:00:01]i000: Caching bundle from: 'C:\Windows\Temp\{08E250B1-7084-4ADE-8032-E88D17B9E35F}\.be\VC_redist.x86.exe' to: 'C:\ProgramData\Package Cache\{d7a6435f-ac9a-4af6-8fdc-ca130d13fac9}\VC_redist.x86.exe'
[0620:0E74][2021-01-04T14:00:01]i320: Registering bundle dependency provider: VC,redist.x86,x86,14.28,bundle, version: 14.28.29325.2
[0620:0E74][2021-01-04T14:00:01]i371: Updating session, registration key: SOFTWARE\Microsoft\Windows\CurrentVersion\Uninstall\{d7a6435f-ac9a-4af6-8fdc-ca130d13fac9}, resume: Active, restart initiated: No, disable resume: No
[0620:1070][2021-01-04T14:00:01]i305: Verified acquired payload: vcRuntimeMinimum_x86 at path: C:\ProgramData\Package Cache\.unverified\vcRuntimeMinimum_x86, moving to: C:\ProgramData\Package Cache\{EE2E15BB-54C8-4DB0-B1F3-026E3C166991}v14.28.29325\packages\vcRuntimeMinimum_x86\vc_runtimeMinimum_x86.msi.
[0620:1070][2021-01-04T14:00:01]i305: Verified acquired payload: cab54A5CABBE7274D8A22EB58060AAB7623 at path: C:\ProgramData\Package Cache\.unverified\cab54A5CABBE7274D8A22EB58060AAB7623, moving to: C:\ProgramData\Package Cache\{EE2E15BB-54C8-4DB0-B1F3-026E3C166991}v14.28.29325\packages\vcRuntimeMinimum_x86\cab1.cab.
[0620:1070][2021-01-04T14:00:01]i305: Verified acquired payload: vcRuntimeAdditional_x86 at path: C:\ProgramData\Package Cache\.unverified\vcRuntimeAdditional_x86, moving to: C:\ProgramData\Package Cache\{B40FC85D-2B12-46E0-B950-E5B27E348793}v14.28.29325\packages\vcRuntimeAdditional_x86\vc_runtimeAdditional_x86.msi.
[0620:1070][2021-01-04T14:00:01]i305: Verified acquired payload: cabB3E1576D1FEFBB979E13B1A5379E0B16 at path: C:\ProgramData\Package Cache\.unverified\cabB3E1576D1FEFBB979E13B1A5379E0B16, moving to: C:\ProgramData\Package Cache\{B40FC85D-2B12-46E0-B950-E5B27E348793}v14.28.29325\packages\vcRuntimeAdditional_x86\cab1.cab.
[0620:0E74][2021-01-04T14:00:01]i301: Applying execute package: vcRuntimeMinimum_x86, action: Install, path: C:\ProgramData\Package Cache\{EE2E15BB-54C8-4DB0-B1F3-026E3C166991}v14.28.29325\packages\vcRuntimeMinimum_x86\vc_runtimeMinimum_x86.msi, arguments: ' MSIFASTINSTALL="7" NOVSUI="1"'
[0B38:0600][2021-01-04T14:00:02]i319: Applied execute package: vcRuntimeMinimum_x86, result: 0x0, restart: None
[0620:0E74][2021-01-04T14:00:02]i325: Registering dependency: {d7a6435f-ac9a-4af6-8fdc-ca130d13fac9} on package provider: Microsoft.VS.VC_RuntimeMinimumVSU_x86,v14, package: vcRuntimeMinimum_x86
[0620:0E74][2021-01-04T14:00:02]i301: Applying execute package: vcRuntimeAdditional_x86, action: Install, path: C:\ProgramData\Package Cache\{B40FC85D-2B12-46E0-B950-E5B27E348793}v14.28.29325\packages\vcRuntimeAdditional_x86\vc_runtimeAdditional_x86.msi, arguments: ' MSIFASTINSTALL="7" NOVSUI="1"'
[0B38:0600][2021-01-04T14:00:03]i319: Applied execute package: vcRuntimeAdditional_x86, result: 0x0, restart: None
[0620:0E74][2021-01-04T14:00:03]i325: Registering dependency: {d7a6435f-ac9a-4af6-8fdc-ca130d13fac9} on package provider: Microsoft.VS.VC_RuntimeAdditionalVSU_x86,v14, package: vcRuntimeAdditional_x86
[0620:0E74][2021-01-04T14:00:03]i372: Session end, registration key: SOFTWARE\Microsoft\Windows\CurrentVersion\Uninstall\{d7a6435f-ac9a-4af6-8fdc-ca130d13fac9}, resume: ARP, restart: None, disable resume: No
[0620:0E74][2021-01-04T14:00:03]i371: Updating session, registration key: SOFTWARE\Microsoft\Windows\CurrentVersion\Uninstall\{d7a6435f-ac9a-4af6-8fdc-ca130d13fac9}, resume: ARP, restart initiated: No, disable resume: No
[0B38:0600][2021-01-04T14:00:03]i399: Apply complete, result: 0x0, restart: None, ba requested restart:  No
[0B38:0600][2021-01-04T14:00:04]i500: Shutting down, exit code: 0x0
[0B38:0600][2021-01-04T14:00:04]i410: Variable: EulaAcceptCheckbox = 1
[0B38:0600][2021-01-04T14:00:04]i410: Variable: ServicePackLevel = 1
[0B38:0600][2021-01-04T14:00:04]i410: Variable: SystemFolder = C:\Windows\system32\
[0B38:0600][2021-01-04T14:00:04]i410: Variable: VersionNT = 6.1.0.0
[0B38:0600][2021-01-04T14:00:04]i410: Variable: VersionNT64 = 6.1.0.0
[0B38:0600][2021-01-04T14:00:04]i410: Variable: windows_uCRT_DetectKey = 10.0.10240.16390
[0B38:0600][2021-01-04T14:00:04]i410: Variable: windows_uCRT_DetectKeyExists = 1
[0B38:0600][2021-01-04T14:00:04]i410: Variable: WixBundleAction = 5
[0B38:0600][2021-01-04T14:00:04]i410: Variable: WixBundleElevated = 1
[0B38:0600][2021-01-04T14:00:04]i410: Variable: WixBundleFileVersion = 14.28.29325.2
[0B38:0600][2021-01-04T14:00:04]i410: Variable: WixBundleInstalled = 0
[0B38:0600][2021-01-04T14:00:04]i410: Variable: WixBundleLog = C:\Users\User\AppData\Local\Temp\dd_vcredist_x86_20210104135952.log
[0B38:0600][2021-01-04T14:00:04]i410: Variable: WixBundleLog_vcRuntimeAdditional_x86 = C:\Users\User\AppData\Local\Temp\dd_vcredist_x86_20210104135952_001_vcRuntimeAdditional_x86.log
[0B38:0600][2021-01-04T14:00:04]i410: Variable: WixBundleLog_vcRuntimeMinimum_x86 = C:\Users\User\AppData\Local\Temp\dd_vcredist_x86_20210104135952_000_vcRuntimeMinimum_x86.log
[0B38:0600][2021-01-04T14:00:04]i410: Variable: WixBundleManufacturer = Microsoft Corporation
[0B38:0600][2021-01-04T14:00:04]i410: Variable: WixBundleName = Microsoft Visual C++ 2015-2019 Redistributable (x86) - 14.28.29325
[0B38:0600][2021-01-04T14:00:04]i410: Variable: WixBundleOriginalSource = C:\Users\User\Desktop\VC_redist.x86.exe
[0B38:0600][2021-01-04T14:00:04]i410: Variable: WixBundleOriginalSourceFolder = C:\Users\User\Desktop\
[0B38:0600][2021-01-04T14:00:04]i410: Variable: WixBundleProviderKey = VC,redist.x86,x86,14.28,bundle
[0B38:0600][2021-01-04T14:00:04]i410: Variable: WixBundleRollbackLog_vcRuntimeAdditional_x86 = C:\Users\User\AppData\Local\Temp\dd_vcredist_x86_20210104135952_001_vcRuntimeAdditional_x86_rollback.log
[0B38:0600][2021-01-04T14:00:04]i410: Variable: WixBundleRollbackLog_vcRuntimeMinimum_x86 = C:\Users\User\AppData\Local\Temp\dd_vcredist_x86_20210104135952_000_vcRuntimeMinimum_x86_rollback.log
[0B38:0600][2021-01-04T14:00:04]i410: Variable: WixBundleSourceProcessFolder = C:\Users\User\Desktop\
[0B38:0600][2021-01-04T14:00:04]i410: Variable: WixBundleSourceProcessPath = C:\Users\User\Desktop\VC_redist.x86.exe
[0B38:0600][2021-01-04T14:00:04]i410: Variable: WixBundleTag = 
[0B38:0600][2021-01-04T14:00:04]i410: Variable: WixBundleVersion = 14.28.29325.2
[0B38:0600][2021-01-04T14:00:04]i007: Exit code: 0x0, restarting: No
