[1D84:1D88][2021-03-05T11:37:45]i001: Burn v3.10.4.4718, Windows v6.1 (Build 7601: Service Pack 1), path: C:\Windows\Temp\{481F117F-2252-4A42-9677-75BFF0E4DF22}\.cr\VCREDI~1.EXE
[1D84:1D88][2021-03-05T11:37:45]i009: Command Line: '-burn.clean.room=C:\xampp\vcredist\VCREDI~1.EXE -burn.filehandle.attached=184 -burn.filehandle.self=192 /q'
[1D84:1D88][2021-03-05T11:37:45]i000: Setting string variable 'WixBundleOriginalSource' to value 'C:\xampp\vcredist\VCREDI~1.EXE'
[1D84:1D88][2021-03-05T11:37:45]i000: Setting string variable 'WixBundleOriginalSourceFolder' to value 'C:\xampp\vcredist\'
[1D84:1D88][2021-03-05T11:37:45]i000: Setting string variable 'WixBundleLog' to value 'C:\Users\User\AppData\Local\Temp\dd_vcredist_amd64_20210305113745.log'
[1D84:1D88][2021-03-05T11:37:45]i000: Setting string variable 'WixBundleManufacturer' to value 'Microsoft Corporation'
[1D84:1D98][2021-03-05T11:37:45]i000: Setting version variable 'WixBundleFileVersion' to value '14.28.29325.2'
[1D84:1D88][2021-03-05T11:37:45]i100: Detect begin, 10 packages
[1D84:1D88][2021-03-05T11:37:45]i000: Setting version variable 'windows_uCRT_DetectKey' to value '10.0.10240.16390'
[1D84:1D88][2021-03-05T11:37:45]i000: Setting numeric variable 'windows_uCRT_DetectKeyExists' to value 1
[1D84:1D88][2021-03-05T11:37:45]i052: Condition '(VersionNT = v6.3 AND NOT VersionNT64) AND (windows_uCRT_DetectKeyExists AND windows_uCRT_DetectKey >= v10.0.10240.0)' evaluates to false.
[1D84:1D88][2021-03-05T11:37:45]i052: Condition '(VersionNT = v6.3 AND VersionNT64) AND (windows_uCRT_DetectKeyExists AND windows_uCRT_DetectKey >= v10.0.10240.0)' evaluates to false.
[1D84:1D88][2021-03-05T11:37:45]i052: Condition '(VersionNT = v6.2 AND NOT VersionNT64) AND (windows_uCRT_DetectKeyExists AND windows_uCRT_DetectKey >= v10.0.10240.0)' evaluates to false.
[1D84:1D88][2021-03-05T11:37:45]i052: Condition '(VersionNT = v6.2 AND VersionNT64) AND (windows_uCRT_DetectKeyExists AND windows_uCRT_DetectKey >= v10.0.10240.0)' evaluates to false.
[1D84:1D88][2021-03-05T11:37:45]i052: Condition '(VersionNT = v6.1 AND NOT VersionNT64) AND (windows_uCRT_DetectKeyExists AND windows_uCRT_DetectKey >= v10.0.10240.0)' evaluates to false.
[1D84:1D88][2021-03-05T11:37:45]i052: Condition '(VersionNT = v6.1 AND VersionNT64) AND (windows_uCRT_DetectKeyExists AND windows_uCRT_DetectKey >= v10.0.10240.0)' evaluates to true.
[1D84:1D88][2021-03-05T11:37:45]i052: Condition '(VersionNT = v6.0 AND NOT VersionNT64) AND (windows_uCRT_DetectKeyExists AND windows_uCRT_DetectKey >= v10.0.10240.0)' evaluates to false.
[1D84:1D88][2021-03-05T11:37:45]i052: Condition '(VersionNT = v6.0 AND VersionNT64) AND (windows_uCRT_DetectKeyExists AND windows_uCRT_DetectKey >= v10.0.10240.0)' evaluates to false.
[1D84:1D88][2021-03-05T11:37:45]i101: Detected package: Windows81_x86, state: Absent, cached: None
[1D84:1D88][2021-03-05T11:37:45]i101: Detected package: Windows81_x64, state: Absent, cached: None
[1D84:1D88][2021-03-05T11:37:45]i101: Detected package: Windows8_x86, state: Absent, cached: None
[1D84:1D88][2021-03-05T11:37:45]i101: Detected package: Windows8_x64, state: Absent, cached: None
[1D84:1D88][2021-03-05T11:37:45]i101: Detected package: Windows7_MSU_x86, state: Absent, cached: None
[1D84:1D88][2021-03-05T11:37:45]i101: Detected package: Windows7_MSU_x64, state: Present, cached: Complete
[1D84:1D88][2021-03-05T11:37:45]i101: Detected package: WindowsVista_MSU_x86, state: Absent, cached: None
[1D84:1D88][2021-03-05T11:37:45]i101: Detected package: WindowsVista_MSU_x64, state: Absent, cached: None
[1D84:1D88][2021-03-05T11:37:45]i101: Detected package: vcRuntimeMinimum_x64, state: Present, cached: Complete
[1D84:1D88][2021-03-05T11:37:45]i101: Detected package: vcRuntimeAdditional_x64, state: Present, cached: Complete
[1D84:1D88][2021-03-05T11:37:45]i052: Condition 'VersionNT64 >= v6.0 OR (VersionNT64 = v5.2 AND ServicePackLevel >= 1)' evaluates to true.
[1D84:1D88][2021-03-05T11:37:45]i199: Detect complete, result: 0x0
[1D84:1D88][2021-03-05T11:37:45]i200: Plan begin, 10 packages, action: Modify
[1D84:1D88][2021-03-05T11:37:45]i052: Condition 'VersionNT = v6.3 AND NOT VersionNT64' evaluates to false.
[1D84:1D88][2021-03-05T11:37:45]w321: Skipping dependency registration on package with no dependency providers: Windows81_x86
[1D84:1D88][2021-03-05T11:37:45]i052: Condition 'VersionNT = v6.3 AND VersionNT64' evaluates to false.
[1D84:1D88][2021-03-05T11:37:45]w321: Skipping dependency registration on package with no dependency providers: Windows81_x64
[1D84:1D88][2021-03-05T11:37:45]i052: Condition 'VersionNT = v6.2 AND NOT VersionNT64' evaluates to false.
[1D84:1D88][2021-03-05T11:37:45]w321: Skipping dependency registration on package with no dependency providers: Windows8_x86
[1D84:1D88][2021-03-05T11:37:45]i052: Condition 'VersionNT = v6.2 AND VersionNT64' evaluates to false.
[1D84:1D88][2021-03-05T11:37:45]w321: Skipping dependency registration on package with no dependency providers: Windows8_x64
[1D84:1D88][2021-03-05T11:37:45]i052: Condition 'VersionNT = v6.1 AND NOT VersionNT64' evaluates to false.
[1D84:1D88][2021-03-05T11:37:45]w321: Skipping dependency registration on package with no dependency providers: Windows7_MSU_x86
[1D84:1D88][2021-03-05T11:37:45]i052: Condition 'VersionNT = v6.1 AND VersionNT64' evaluates to true.
[1D84:1D88][2021-03-05T11:37:45]w321: Skipping dependency registration on package with no dependency providers: Windows7_MSU_x64
[1D84:1D88][2021-03-05T11:37:45]i052: Condition 'VersionNT = v6.0 AND NOT VersionNT64' evaluates to false.
[1D84:1D88][2021-03-05T11:37:45]w321: Skipping dependency registration on package with no dependency providers: WindowsVista_MSU_x86
[1D84:1D88][2021-03-05T11:37:45]i052: Condition 'VersionNT = v6.0 AND VersionNT64' evaluates to false.
[1D84:1D88][2021-03-05T11:37:45]w321: Skipping dependency registration on package with no dependency providers: WindowsVista_MSU_x64
[1D84:1D88][2021-03-05T11:37:45]i052: Condition '(VersionNT64)' evaluates to true.
[1D84:1D88][2021-03-05T11:37:45]i052: Condition '(VersionNT64)' evaluates to true.
[1D84:1D88][2021-03-05T11:37:45]i201: Planned package: Windows81_x86, state: Absent, default requested: Absent, ba requested: Absent, execute: None, rollback: None, cache: No, uncache: No, dependency: None
[1D84:1D88][2021-03-05T11:37:45]i201: Planned package: Windows81_x64, state: Absent, default requested: Absent, ba requested: Absent, execute: None, rollback: None, cache: No, uncache: No, dependency: None
[1D84:1D88][2021-03-05T11:37:45]i201: Planned package: Windows8_x86, state: Absent, default requested: Absent, ba requested: Absent, execute: None, rollback: None, cache: No, uncache: No, dependency: None
[1D84:1D88][2021-03-05T11:37:45]i201: Planned package: Windows8_x64, state: Absent, default requested: Absent, ba requested: Absent, execute: None, rollback: None, cache: No, uncache: No, dependency: None
[1D84:1D88][2021-03-05T11:37:45]i201: Planned package: Windows7_MSU_x86, state: Absent, default requested: Absent, ba requested: Absent, execute: None, rollback: None, cache: No, uncache: No, dependency: None
[1D84:1D88][2021-03-05T11:37:45]i201: Planned package: Windows7_MSU_x64, state: Present, default requested: Present, ba requested: Present, execute: None, rollback: None, cache: No, uncache: No, dependency: None
[1D84:1D88][2021-03-05T11:37:45]i201: Planned package: WindowsVista_MSU_x86, state: Absent, default requested: Absent, ba requested: Absent, execute: None, rollback: None, cache: No, uncache: No, dependency: None
[1D84:1D88][2021-03-05T11:37:45]i201: Planned package: WindowsVista_MSU_x64, state: Absent, default requested: Absent, ba requested: Absent, execute: None, rollback: None, cache: No, uncache: No, dependency: None
[1D84:1D88][2021-03-05T11:37:45]i201: Planned package: vcRuntimeMinimum_x64, state: Present, default requested: Present, ba requested: Present, execute: None, rollback: None, cache: No, uncache: No, dependency: Register
[1D84:1D88][2021-03-05T11:37:45]i201: Planned package: vcRuntimeAdditional_x64, state: Present, default requested: Present, ba requested: Present, execute: None, rollback: None, cache: No, uncache: No, dependency: Register
[1D84:1D88][2021-03-05T11:37:45]i299: Plan complete, result: 0x0
[1D84:1D88][2021-03-05T11:37:45]i300: Apply begin
[1D84:1D88][2021-03-05T11:37:45]i010: Launching elevated engine process.
[1D84:1D88][2021-03-05T11:37:45]i011: Launched elevated engine process.
[1D84:1D88][2021-03-05T11:37:45]i012: Connected to elevated engine.
[1DAC:1DB0][2021-03-05T11:37:45]i358: Pausing automatic updates.
[1DAC:1DB0][2021-03-05T11:37:45]i359: Paused automatic updates.
[1DAC:1DB0][2021-03-05T11:37:45]i360: Creating a system restore point.
[1DAC:1DB0][2021-03-05T11:37:52]i361: Created a system restore point.
[1DAC:1DB0][2021-03-05T11:37:52]i371: Updating session, registration key: SOFTWARE\Microsoft\Windows\CurrentVersion\Uninstall\{33628a12-6787-4b9f-95a1-92449f69fae0}, resume: Active, restart initiated: No, disable resume: No
[1DAC:1DB0][2021-03-05T11:37:52]i325: Registering dependency: {33628a12-6787-4b9f-95a1-92449f69fae0} on package provider: Microsoft.VS.VC_RuntimeMinimumVSU_amd64,v14, package: vcRuntimeMinimum_x64
[1DAC:1DB0][2021-03-05T11:37:52]i325: Registering dependency: {33628a12-6787-4b9f-95a1-92449f69fae0} on package provider: Microsoft.VS.VC_RuntimeAdditionalVSU_amd64,v14, package: vcRuntimeAdditional_x64
[1DAC:1DB0][2021-03-05T11:37:52]i372: Session end, registration key: SOFTWARE\Microsoft\Windows\CurrentVersion\Uninstall\{33628a12-6787-4b9f-95a1-92449f69fae0}, resume: ARP, restart: None, disable resume: No
[1DAC:1DB0][2021-03-05T11:37:52]i371: Updating session, registration key: SOFTWARE\Microsoft\Windows\CurrentVersion\Uninstall\{33628a12-6787-4b9f-95a1-92449f69fae0}, resume: ARP, restart initiated: No, disable resume: No
[1D84:1D88][2021-03-05T11:37:52]i399: Apply complete, result: 0x0, restart: None, ba requested restart:  No
[1D84:1D88][2021-03-05T11:37:52]i500: Shutting down, exit code: 0x0
[1D84:1D88][2021-03-05T11:37:52]i410: Variable: ServicePackLevel = 1
[1D84:1D88][2021-03-05T11:37:52]i410: Variable: SystemFolder = C:\Windows\system32\
[1D84:1D88][2021-03-05T11:37:52]i410: Variable: VersionNT = 6.1.0.0
[1D84:1D88][2021-03-05T11:37:52]i410: Variable: VersionNT64 = 6.1.0.0
[1D84:1D88][2021-03-05T11:37:52]i410: Variable: windows_uCRT_DetectKey = 10.0.10240.16390
[1D84:1D88][2021-03-05T11:37:52]i410: Variable: windows_uCRT_DetectKeyExists = 1
[1D84:1D88][2021-03-05T11:37:52]i410: Variable: WixBundleAction = 6
[1D84:1D88][2021-03-05T11:37:52]i410: Variable: WixBundleElevated = 1
[1D84:1D88][2021-03-05T11:37:52]i410: Variable: WixBundleFileVersion = 14.28.29325.2
[1D84:1D88][2021-03-05T11:37:52]i410: Variable: WixBundleInstalled = 1
[1D84:1D88][2021-03-05T11:37:52]i410: Variable: WixBundleLog = C:\Users\User\AppData\Local\Temp\dd_vcredist_amd64_20210305113745.log
[1D84:1D88][2021-03-05T11:37:52]i410: Variable: WixBundleManufacturer = Microsoft Corporation
[1D84:1D88][2021-03-05T11:37:52]i410: Variable: WixBundleName = Microsoft Visual C++ 2015-2019 Redistributable (x64) - 14.28.29325
[1D84:1D88][2021-03-05T11:37:52]i410: Variable: WixBundleOriginalSource = C:\Users\User\Desktop\VC_redist.x64.exe
[1D84:1D88][2021-03-05T11:37:52]i410: Variable: WixBundleOriginalSourceFolder = C:\Users\User\Desktop\
[1D84:1D88][2021-03-05T11:37:52]i410: Variable: WixBundleProviderKey = VC,redist.x64,amd64,14.28,bundle
[1D84:1D88][2021-03-05T11:37:52]i410: Variable: WixBundleSourceProcessFolder = C:\xampp\vcredist\
[1D84:1D88][2021-03-05T11:37:52]i410: Variable: WixBundleSourceProcessPath = C:\xampp\vcredist\VCREDI~1.EXE
[1D84:1D88][2021-03-05T11:37:52]i410: Variable: WixBundleTag = 
[1D84:1D88][2021-03-05T11:37:52]i410: Variable: WixBundleVersion = 14.28.29325.2
[1D84:1D88][2021-03-05T11:37:52]i007: Exit code: 0x0, restarting: No
