[0764:1974][2021-01-04T18:27:37]: Burn v3.6.3542.0, Windows v6.1 (Build 7601: Service Pack 1), path: C:\Program Files (x86)\Doctor Accounting 2\Installer Package\vcredist_x86.exe, cmdline: '-burn.unelevated BurnPipe.{CA423944-08B8-47B2-9CFC-F7DF3127D00B} {05CFAAB6-741D-4753-BFD9-BEE2B131AD78} 7104'
[0764:1974][2021-01-04T18:27:37]: Setting string variable 'WixBundleLog' to value 'C:\Users\User\AppData\Local\Temp\dd_vcredist_x86_20210104182737.log'
[0764:1974][2021-01-04T18:27:37]: Setting string variable 'WixBundleOriginalSource' to value 'C:\Program Files (x86)\Doctor Accounting 2\Installer Package\vcredist_x86.exe'
[0764:1974][2021-01-04T18:27:37]: Setting string variable 'WixBundleName' to value 'Microsoft Visual C++ 2012 Redistributable (x86) - 11.0.61030'
[0764:1974][2021-01-04T18:27:37]: Detect 2 packages
[0764:1974][2021-01-04T18:27:37]: Detected package: vcRuntimeMinimum_x86, state: Present, cached: None
[0764:1974][2021-01-04T18:27:37]: Detected package: vcRuntimeAdditional_x86, state: Present, cached: None
[0764:1974][2021-01-04T18:27:37]: Condition 'VersionNT >= v6.0 OR (VersionNT = v5.1 AND ServicePackLevel >= 2) OR (VersionNT = v5.2 AND ServicePackLevel >= 1)' evaluates to true.
[0764:1974][2021-01-04T18:27:37]: Detect complete, result: 0x0
[0764:1974][2021-01-04T18:27:50]: Plan 2 packages, action: Install
[0764:1974][2021-01-04T18:27:50]: Condition 'VersionNT > v6.2 OR (VersionNT = v6.2 AND (NTProductType = 1)) OR (VersionNT = v6.2 AND NOT (NTProductType = 1)) OR (VersionNT = v6.0 AND NOT (NTProductType = 1)) OR (VersionNT = v6.1 AND (NTProductType = 1)) OR (VersionNT = v6.1 AND NOT (NTProductType = 1)) OR (VersionNT = v6.0 AND (NTProductType = 1)) OR (VersionNT = v5.1) OR (VersionNT = v5.2 AND NOT (NTProductType = 1)) OR (VersionNT = v5.2 AND (NTProductType = 1))' evaluates to true.
[0764:1974][2021-01-04T18:27:50]: Condition 'VersionNT > v6.2 OR (VersionNT = v6.2 AND (NTProductType = 1)) OR (VersionNT = v6.2 AND NOT (NTProductType = 1)) OR (VersionNT = v6.0 AND NOT (NTProductType = 1)) OR (VersionNT = v6.1 AND (NTProductType = 1)) OR (VersionNT = v6.1 AND NOT (NTProductType = 1)) OR (VersionNT = v6.0 AND (NTProductType = 1)) OR (VersionNT = v5.1) OR (VersionNT = v5.2 AND NOT (NTProductType = 1)) OR (VersionNT = v5.2 AND (NTProductType = 1))' evaluates to true.
[0764:1974][2021-01-04T18:27:50]: Planned package: vcRuntimeMinimum_x86, state: Present, default requested: Present, ba requested: Present, execute: None, rollback: None, cache: No, uncache: No, dependency: Register
[0764:1974][2021-01-04T18:27:50]: Planned package: vcRuntimeAdditional_x86, state: Present, default requested: Present, ba requested: Present, execute: None, rollback: None, cache: No, uncache: No, dependency: Register
[0764:1974][2021-01-04T18:27:50]: Plan complete, result: 0x0
[0764:1974][2021-01-04T18:27:50]: Apply begin
[1BC0:12A8][2021-01-04T18:27:50]: Creating a system restore point.
[1BC0:12A8][2021-01-04T18:28:00]: Created a system restore point.
[1BC0:12A8][2021-01-04T18:28:00]: Caching bundle from: 'C:\Users\User\AppData\Local\Temp\{33d1fd90-4274-48a1-9bc1-97e33d9c2d6f}\.be\vcredist_x86.exe' to: 'C:\ProgramData\Package Cache\{33d1fd90-4274-48a1-9bc1-97e33d9c2d6f}\vcredist_x86.exe'
[1BC0:12A8][2021-01-04T18:28:00]: Registering bundle dependency provider: {33d1fd90-4274-48a1-9bc1-97e33d9c2d6f}, version: 11.0.61030.0
[1BC0:12A8][2021-01-04T18:28:00]: Registering dependency: {33d1fd90-4274-48a1-9bc1-97e33d9c2d6f} on package provider: Microsoft.VS.VC_RuntimeMinimum_x86,v11, package: vcRuntimeMinimum_x86
[1BC0:12A8][2021-01-04T18:28:00]: Registering dependency: {33d1fd90-4274-48a1-9bc1-97e33d9c2d6f} on package provider: Microsoft.VS.VC_RuntimeMinimumVSU_x86,v11, package: vcRuntimeMinimum_x86
[1BC0:12A8][2021-01-04T18:28:00]: Registering dependency: {33d1fd90-4274-48a1-9bc1-97e33d9c2d6f} on package provider: Microsoft.VS.VC_RuntimeAdditional_x86,v11, package: vcRuntimeAdditional_x86
[1BC0:12A8][2021-01-04T18:28:00]: Registering dependency: {33d1fd90-4274-48a1-9bc1-97e33d9c2d6f} on package provider: Microsoft.VS.VC_RuntimeAdditionalVSU_x86,v11, package: vcRuntimeAdditional_x86
[0764:1974][2021-01-04T18:28:01]: Apply complete, result: 0x0, restart: None, ba requested restart:  No
[0764:1974][2021-01-04T18:28:40]: Shutting down, exit code: 0x0
[0764:1974][2021-01-04T18:28:40]: Variable: NTProductType = 1
[0764:1974][2021-01-04T18:28:40]: Variable: ServicePackLevel = 1
[0764:1974][2021-01-04T18:28:40]: Variable: VersionNT = 6.1.0.0
[0764:1974][2021-01-04T18:28:40]: Variable: WixBundleAction = 4
[0764:1974][2021-01-04T18:28:40]: Variable: WixBundleElevated = 1
[0764:1974][2021-01-04T18:28:40]: Variable: WixBundleInstalled = 0
[0764:1974][2021-01-04T18:28:40]: Variable: WixBundleLog = C:\Users\User\AppData\Local\Temp\dd_vcredist_x86_20210104182737.log
[0764:1974][2021-01-04T18:28:40]: Variable: WixBundleName = Microsoft Visual C++ 2012 Redistributable (x86) - 11.0.61030
[0764:1974][2021-01-04T18:28:40]: Variable: WixBundleOriginalSource = C:\Program Files (x86)\Doctor Accounting 2\Installer Package\vcredist_x86.exe
[0764:1974][2021-01-04T18:28:40]: Variable: WixBundleProviderKey = {33d1fd90-4274-48a1-9bc1-97e33d9c2d6f}
[0764:1974][2021-01-04T18:28:40]: Variable: WixBundleTag = 
[0764:1974][2021-01-04T18:28:40]: Variable: WixBundleVersion = 11.0.61030.0
[0764:1974][2021-01-04T18:28:40]: Exit code: 0x0, restarting: No
