Log started 04/05/2021 at 15:30:54
Preferred installation mode : qt
Mode qt successfully initialized
Executing sc qc "mysql"
Script exit code: 0

Script output:
 [SC] QueryServiceConfig SUCCESS

SERVICE_NAME: mysql
        TYPE               : 10  WIN32_OWN_PROCESS 
        START_TYPE         : 2   AUTO_START
        ERROR_CONTROL      : 1   NORMAL
        BINARY_PATH_NAME   : "C:\Program Files\MariaDB 10.3\bin\mysqld.exe" "--defaults-file=C:\Program Files\MariaDB 10.3\data\my.ini" "MySQL"
        LOAD_ORDER_GROUP   : 
        TAG                : 0
        DISPLAY_NAME       : MySQL
        DEPENDENCIES       : 
        SERVICE_START_NAME : NT AUTHORITY\NetworkService

Script stderr:
 

Executing ./apache_stop.bat 
Script exit code: 0

Script output:
 

Script stderr:
 

Executing ./mysql_stop.bat 
Script exit code: 0

Script output:
 Mysql shutdowm ...

Script stderr:
 

Executing ./filezilla_stop.bat 
Script exit code: 0

Script output:
 FileZilla FTP Server is stopping ... 
Stoppe FileZilla FTP Server ... 

Script stderr:
 

Executing ./mercury_stop.bat 
Script exit code: 1

Script output:
 

Script stderr:
 pv: No matching processes found

Error running ./mercury_stop.bat : pv: No matching processes found
Executing ./catalina_stop.bat 
Script exit code: 0

Script output:
 
[XAMPP]: Searching for JDK or JRE HOME with reg query ...
. [XAMPP]: Could not find 32 bit or 64 bit JDK
. [XAMPP]: Looking for 32 bit JDK on 64 bit machine
. [XAMPP]: Could not find 32 bit JDK
. [XAMPP]: Looking for 32 bit or 64 bit on 64 bit machine with short name
. [XAMPP]: Could not find 32 bit JDK
. [XAMPP]: Looking for 32 bit or 64 bit AdoptOpenJDK on 64 bit machine
. [XAMPP]: Could not find 32 bit or 64 bit AdoptOpenJDK
. [XAMPP]: Looking for 32 bit or 64 bit JRE

HKEY_LOCAL_MACHINE\SOFTWARE\JavaSoft\Java Runtime Environment
    CurrentVersion    REG_SZ    1.8
    BrowserJavaVersion    REG_SZ    11.271.2

HKEY_LOCAL_MACHINE\SOFTWARE\JavaSoft\Java Runtime Environment\1.8
    RuntimeLib    REG_SZ    C:\Program Files\Java\jre1.8.0_271\bin\server\jvm.dll
    JavaHome    REG_SZ    C:\Program Files\Java\jre1.8.0_271
    MicroVersion    REG_SZ    0

HKEY_LOCAL_MACHINE\SOFTWARE\JavaSoft\Java Runtime Environment\1.8.0_271
    JavaHome    REG_SZ    C:\Program Files\Java\jre1.8.0_271
    MicroVersion    REG_SZ    0
    RuntimeLib    REG_SZ    C:\Program Files\Java\jre1.8.0_271\bin\server\jvm.dll

HKEY_LOCAL_MACHINE\SOFTWARE\JavaSoft\Java Runtime Environment\1.8.0_271\MSI
    INSTALLDIR    REG_SZ    C:\Program Files\Java\jre1.8.0_271\
    JU    REG_SZ    
    OEMUPDATE    REG_SZ    
    FROMVERSION    REG_SZ    NA
    FROMVERSIONFULL    REG_SZ    
    PRODUCTVERSION    REG_SZ    8.0.2710.9
    EULA    REG_SZ    
    JAVAUPDATE    REG_SZ    1
    AUTOUPDATECHECK    REG_SZ    1
    AUTOUPDATEDELAY    REG_SZ    
    FullVersion    REG_SZ    1.8.0_271-b09


[XAMPP]: Using JRE

[XAMPP]: Seems fine
[XAMPP]: Set JRE_HOME : C:\Program Files\Java\jre1.8.0_271
[XAMPP]: Set CATALINA_HOME : C:\xampp\tomcat

Using CATALINA_BASE:   "C:\xampp\tomcat"
Using CATALINA_HOME:   "C:\xampp\tomcat"
Using CATALINA_TMPDIR: "C:\xampp\tomcat\temp"
Using JRE_HOME:        "C:\Program Files\Java\jre1.8.0_271"
Using CLASSPATH:       "C:\xampp\tomcat\bin\bootstrap.jar;C:\xampp\tomcat\bin\tomcat-juli.jar"
Using CATALINA_OPTS:   ""

Script stderr:
 ERROR: The system was unable to find the specified registry key or value.
ERROR: The system was unable to find the specified registry key or value.
ERROR: The system was unable to find the specified registry key or value.
ERROR: The system was unable to find the specified registry key or value.
Could Not Find C:\xampp\tomcat\logs\catalina.pid
Apr 05, 2021 2:31:18 PM org.apache.catalina.startup.Catalina stopServer
SEVERE: Could not contact [localhost:8005]. Tomcat may not be running.
Apr 05, 2021 2:31:18 PM org.apache.catalina.startup.Catalina stopServer
SEVERE: Catalina.stop: 
java.net.ConnectException: Connection refused: connect
	at java.net.DualStackPlainSocketImpl.connect0(Native Method)
	at java.net.DualStackPlainSocketImpl.socketConnect(Unknown Source)
	at java.net.AbstractPlainSocketImpl.doConnect(Unknown Source)
	at java.net.AbstractPlainSocketImpl.connectToAddress(Unknown Source)
	at java.net.AbstractPlainSocketImpl.connect(Unknown Source)
	at java.net.PlainSocketImpl.connect(Unknown Source)
	at java.net.SocksSocketImpl.connect(Unknown Source)
	at java.net.Socket.connect(Unknown Source)
	at java.net.Socket.connect(Unknown Source)
	at java.net.Socket.<init>(Unknown Source)
	at java.net.Socket.<init>(Unknown Source)
	at org.apache.catalina.startup.Catalina.stopServer(Catalina.java:515)
	at sun.reflect.NativeMethodAccessorImpl.invoke0(Native Method)
	at sun.reflect.NativeMethodAccessorImpl.invoke(Unknown Source)
	at sun.reflect.DelegatingMethodAccessorImpl.invoke(Unknown Source)
	at java.lang.reflect.Method.invoke(Unknown Source)
	at org.apache.catalina.startup.Bootstrap.stopServer(Bootstrap.java:330)
	at org.apache.catalina.startup.Bootstrap.main(Bootstrap.java:420)


Uninstalling Files
Deleting registry keys
Uninstallation completed
Exiting with code 0
