[2021/01/04 16:10:29.786] isQueryRequest: InstallType InstallHint SET to 0 
[2021/01/04 16:10:29.786]  InstallType InstallHint SET to 0 
[2021/01/04 16:10:29.786] RegisterDeploy, version 11.271.2 
[2021/01/04 16:10:29.786]  ForceInstall InstallHint SET to 0 
[2021/01/04 16:10:29.786]  ForceInstall InstallHint SET to 0 
[2021/01/04 16:10:29.786]  SecurityLevel InstallHint SET to 0 
[2021/01/04 16:10:29.786] setSecurityLevel - no hints 
[2021/01/04 16:10:29.786] Set WebJava system security Level  OK 
[2021/01/04 16:10:29.786]  Cannot open registry key SOFTWARE\JavaSoft\Java Runtime Environment 
[2021/01/04 16:10:29.786] RegisterDeploy - getLatestInstalledVersion FAIL 
[2021/01/04 16:10:29.786] empty pluginVersion 
[2021/01/04 16:10:29.786] RegisterDeploy - getPluginHome FAIL 
[2021/01/04 16:10:29.787]  Cannot open registry key SOFTWARE\JavaSoft\Java Runtime Environment 
[2021/01/04 16:10:29.787] registerGivenDeployBin 
[2021/01/04 16:10:29.788] RegisterWS keys 
[2021/01/04 16:10:29.793] SetWSCurVersion: JAVAWS_INSTALL:  OK 
[2021/01/04 16:10:29.796] SetWSCurVersion: JAVAWS_REG_CAPS:  OK 
[2021/01/04 16:10:29.796] Set system default Webstart Version Keys OK 
[2021/01/04 16:10:29.797] Webstart version is newer 
[2021/01/04 16:10:29.805] Set WebStart compat keys OK 
[2021/01/04 16:10:29.811] create Webstart browser keys OK 
[2021/01/04 16:10:29.840] register Webstart with DLLServier OK 
[2021/01/04 16:10:29.840] GetLatestJavaws32or64Home(): 
[2021/01/04 16:10:29.840] GetLatestJavawsVersion(): 
[2021/01/04 16:10:29.840]    checking 32-bit 
[2021/01/04 16:10:29.840]    failed to open SOFTWARE\JavaSoft\Java Web Start 
[2021/01/04 16:10:29.840] GetLatestJavawsVersion(): 
[2021/01/04 16:10:29.840]    checking 64-bit 
[2021/01/04 16:10:29.840]    Processing key: 1.0.1 
[2021/01/04 16:10:29.840]  check JRE registry to see if it's an corrupted webstart key 
[2021/01/04 16:10:29.840]   failed to recover webstart key when attempt to open jre key FAIL, error code[2] 
[2021/01/04 16:10:29.840]    Processing key: 1.0.1_02 
[2021/01/04 16:10:29.841]  check JRE registry to see if it's an corrupted webstart key 
[2021/01/04 16:10:29.841]   failed to recover webstart key when attempt to open jre key FAIL, error code[2] 
[2021/01/04 16:10:29.841]    Processing key: 1.0.1_03 
[2021/01/04 16:10:29.841]  check JRE registry to see if it's an corrupted webstart key 
[2021/01/04 16:10:29.842]   failed to recover webstart key when attempt to open jre key FAIL, error code[2] 
[2021/01/04 16:10:29.842]    Processing key: 1.0.1_04 
[2021/01/04 16:10:29.842]  check JRE registry to see if it's an corrupted webstart key 
[2021/01/04 16:10:29.842]   failed to recover webstart key when attempt to open jre key FAIL, error code[2] 
[2021/01/04 16:10:29.842]    Processing key: 1.2 
[2021/01/04 16:10:29.843]  check JRE registry to see if it's an corrupted webstart key 
[2021/01/04 16:10:29.843]   failed to recover webstart key when attempt to open jre key FAIL, error code[2] 
[2021/01/04 16:10:29.843]    Processing key: 1.2.0_01 
[2021/01/04 16:10:29.843]  check JRE registry to see if it's an corrupted webstart key 
[2021/01/04 16:10:29.843]   failed to recover webstart key when attempt to open jre key FAIL, error code[2] 
[2021/01/04 16:10:29.843]    Processing key: 11.271.2 
[2021/01/04 16:10:29.844] GetWebStartCaps(): 
[2021/01/04 16:10:29.844]    latestVersion: 11.271.2 latestHome: C:\Program Files\Java\jre1.8.0_271\bin 
[2021/01/04 16:10:29.844] RestoreJNLPProtocolAssociation(): 
[2021/01/04 16:10:29.845]    Create HKLM jnlp default OK 
[2021/01/04 16:10:29.845]    Create HKLM jnlp URL Protocol OK 
[2021/01/04 16:10:29.847]    Create HKLM jnlp Shell Open Command OK 
[2021/01/04 16:10:29.848]    Create HKLM jnlps default OK 
[2021/01/04 16:10:29.849]    Create HKLM jnlps URL Protocol OK 
[2021/01/04 16:10:29.850]    Create HKLM jnlps Shell Open Command OK 
[2021/01/04 16:10:29.850] Set JNLP/JNLPS protocol association OK 
[2021/01/04 16:10:29.850] GetLatestJavaws32or64Home(): 
[2021/01/04 16:10:29.850] GetLatestJavawsVersion(): 
[2021/01/04 16:10:29.850]    checking 32-bit 
[2021/01/04 16:10:29.850]    failed to open SOFTWARE\JavaSoft\Java Web Start 
[2021/01/04 16:10:29.850] GetLatestJavawsVersion(): 
[2021/01/04 16:10:29.850]    checking 64-bit 
[2021/01/04 16:10:29.850]    Processing key: 1.0.1 
[2021/01/04 16:10:29.851]  check JRE registry to see if it's an corrupted webstart key 
[2021/01/04 16:10:29.851]   failed to recover webstart key when attempt to open jre key FAIL, error code[2] 
[2021/01/04 16:10:29.851]    Processing key: 1.0.1_02 
[2021/01/04 16:10:29.851]  check JRE registry to see if it's an corrupted webstart key 
[2021/01/04 16:10:29.852]   failed to recover webstart key when attempt to open jre key FAIL, error code[2] 
[2021/01/04 16:10:29.852]    Processing key: 1.0.1_03 
[2021/01/04 16:10:29.852]  check JRE registry to see if it's an corrupted webstart key 
[2021/01/04 16:10:29.852]   failed to recover webstart key when attempt to open jre key FAIL, error code[2] 
[2021/01/04 16:10:29.852]    Processing key: 1.0.1_04 
[2021/01/04 16:10:29.853]  check JRE registry to see if it's an corrupted webstart key 
[2021/01/04 16:10:29.853]   failed to recover webstart key when attempt to open jre key FAIL, error code[2] 
[2021/01/04 16:10:29.853]    Processing key: 1.2 
[2021/01/04 16:10:29.853]  check JRE registry to see if it's an corrupted webstart key 
[2021/01/04 16:10:29.853]   failed to recover webstart key when attempt to open jre key FAIL, error code[2] 
[2021/01/04 16:10:29.853]    Processing key: 1.2.0_01 
[2021/01/04 16:10:29.854]  check JRE registry to see if it's an corrupted webstart key 
[2021/01/04 16:10:29.854]   failed to recover webstart key when attempt to open jre key FAIL, error code[2] 
[2021/01/04 16:10:29.854]    Processing key: 11.271.2 
[2021/01/04 16:10:29.854] GetWebStartCaps(): 
[2021/01/04 16:10:29.854]    latestVersion: 11.271.2 latestHome: C:\Program Files\Java\jre1.8.0_271\bin 
[2021/01/04 16:10:29.854] RestoreJNLPfileAssociation(): 
[2021/01/04 16:10:29.855]    Create HKLM .jnlp default OK 
[2021/01/04 16:10:29.856]    Create HKLM .jnlp Content Type OK 
[2021/01/04 16:10:29.857]    Create HKLM JNLPFile default OK 
[2021/01/04 16:10:29.858]    Create HKLM JNLPFile EditFlags OK 
[2021/01/04 16:10:29.859]    Create HKLM JNLPFile Shell Open OK 
[2021/01/04 16:10:29.861]    Create HKLM JNLPFile Shell Open Command OK 
[2021/01/04 16:10:29.861] Register JavaWS OK 
[2021/01/04 16:10:29.861]   checking mozilla plugin[@microsoft.com/OfficeAuthz,version=14.0] 
[2021/01/04 16:10:29.861] SetMozillaPluginREGKeys: wipeRegistry:  OK 
[2021/01/04 16:10:29.861] Latest JRE version:  
[2021/01/04 16:10:29.861] 1.8.0_271 
[2021/01/04 16:10:29.876] SetMozillaPluginREGKeys: RegJavaPlugin2Mozilla:  OK 
[2021/01/04 16:10:29.878] set up Mozilla plugin keys  OK 
[2021/01/04 16:10:29.890] set up IE plugin keys OK 
[2021/01/04 16:10:33.814] SSVSetup: RedirectAllStaticVersionKeys OK 
[2021/01/04 16:10:33.823] SSVSetup: RedirectSelectedStaticVersionKeys OK 
[2021/01/04 16:10:33.823] doHKCUSSVSetup() cmd: "C:\Program Files\Java\jre1.8.0_271\bin\ssvagent.exe" -doHKCUSSVSetup 
[2021/01/04 16:10:33.824] RunAsDesktopUser - OnVistaOrLater, use CreateProcessWithTokenW 
[2021/01/04 16:10:33.824] RunAsDesktopUser - calling _CreateProcessWithTokenW 
[2021/01/04 16:10:35.674] SSVSetup OK 
[2021/01/04 16:10:35.674] Register for elevation 
[2021/01/04 16:10:35.675] update elevation policy for ssvagent OK 
[2021/01/04 16:10:35.676] update elevation policy for jp2launcher OK 
[2021/01/04 16:10:35.685] tell IE to refresh elevation policies after undate registry OK 
[2021/01/04 16:10:35.685] RegisterforElevation OK 
[2021/01/04 16:10:35.686]   checking mozilla plugin[@java.com/JavaPlugin,version=11.271.2] 
[2021/01/04 16:10:35.686]   checking mozilla plugin[@microsoft.com/OfficeAuthz,version=14.0] 
[2021/01/04 16:10:35.686]    Delete HKLM DT CLSID OK 
[2021/01/04 16:10:35.686]    Delete HKLM OLD DT CLSID OK 
[2021/01/04 16:10:35.686]    Delete HKLM OLD DT ActiveX Comp. OK 
[2021/01/04 16:10:35.686]    Delete HKCR application/java-deployment-toolkit OK 
[2021/01/04 16:10:35.686]  
[2021/01/04 16:10:35.686] GetFileVersion for [C:\Program Files\Mozilla Firefox\plugins\npDeployJava1.dll] FAILED (file does not exist) 
[2021/01/04 16:10:35.686]   isFileExist for [C:\Program Files\Mozilla Firefox\plugins\npdeploytk.dll] return FALSE 
[2021/01/04 16:10:35.686] RegisterDT: try to register dlls in jre 
[2021/01/04 16:10:35.687]    FF DT deploy path: C:\Program Files\Java\jre1.8.0_271\bin\dtplugin\npDeployJava1.dll 
[2021/01/04 16:10:35.687]   checking mozilla plugin[@java.com/JavaPlugin,version=11.271.2] 
[2021/01/04 16:10:35.687]   checking mozilla plugin[@microsoft.com/OfficeAuthz,version=14.0] 
[2021/01/04 16:10:35.688] DT FF: add plugin key [SOFTWARE\MozillaPlugins\@java.com/DTPlugin,version=11.271.2] => [C:\Program Files\Java\jre1.8.0_271\bin\dtplugin\npDeployJava1.dll] OK 
[2021/01/04 16:10:35.688]    IE DT deploy path: C:\Program Files\Java\jre1.8.0_271\bin\dtplugin\deployJava1.dll 
[2021/01/04 16:10:35.689] DT IE: create CLSID [CLSID\{CAFEEFAC-DEC7-0000-0001-ABCDEFFEDCBA}] OK 
[2021/01/04 16:10:35.689] DT IE: create InProcServer32 [C:\Program Files\Java\jre1.8.0_271\bin\dtplugin\deployJava1.dll] OK 
[2021/01/04 16:10:35.689] DT IE: set apartment threading model OK 
[2021/01/04 16:10:35.689] DT IE: create 'Implemented Categories' OK 
[2021/01/04 16:10:35.689] DT IE: create 'Implemented Categories\{59fb2056-d625-48d0-a944-1a85b5ab2640}' OK 
[2021/01/04 16:10:35.689] DT IE: add DT MIME type OK 
[2021/01/04 16:10:35.689] DT IE: add OLD DT compatibility key alt clisd OK 
[2021/01/04 16:10:35.689] DT IE: add OLD DT compatibility key compat flags OK 
[2021/01/04 16:10:35.690] set up Deployment Toolkit OK 
[2021/01/04 16:10:35.690] DeployHome: C:\Program Files\Java\jre1.8.0_271 
[2021/01/04 16:10:35.690] SOFTWARE\JavaSoft\Java Plug-in\11.271.2 
[2021/01/04 16:10:35.690]   get system dir [C:\Windows\system32] FAIL, error code[-1] 
[2021/01/04 16:10:35.690]   isFileExist for [C:\Windows\system32\javacpl.cpl] return FALSE 
[2021/01/04 16:10:35.690]   isFileExist for [C:\Windows\system32\jpicpl32.cpl] return FALSE 
[2021/01/04 16:10:35.691] Register Java Control Panel - OK 
[2021/01/04 16:10:35.692]  check JRE registry to see if it's an corrupted webstart key 
[2021/01/04 16:10:35.692]   failed to recover webstart key when attempt to open jre key FAIL, error code[2] 
[2021/01/04 16:10:35.692]  check JRE registry to see if it's an corrupted webstart key 
[2021/01/04 16:10:35.692]   failed to recover webstart key when attempt to open jre key FAIL, error code[2] 
[2021/01/04 16:10:35.692]  check JRE registry to see if it's an corrupted webstart key 
[2021/01/04 16:10:35.693]   failed to recover webstart key when attempt to open jre key FAIL, error code[2] 
[2021/01/04 16:10:35.693]  check JRE registry to see if it's an corrupted webstart key 
[2021/01/04 16:10:35.693]   failed to recover webstart key when attempt to open jre key FAIL, error code[2] 
[2021/01/04 16:10:35.693]  check JRE registry to see if it's an corrupted webstart key 
[2021/01/04 16:10:35.693]   failed to recover webstart key when attempt to open jre key FAIL, error code[2] 
[2021/01/04 16:10:35.694]  check JRE registry to see if it's an corrupted webstart key 
[2021/01/04 16:10:35.694]   failed to recover webstart key when attempt to open jre key FAIL, error code[2] 
[2021/01/04 16:10:35.694] Cleanup bogus RegKeys in Java Plugin-in and Web Start OK 
[2021/01/04 16:10:35.694] Cleanup bogus JavaFX disabled entry OK 
[2021/01/04 16:10:35.694] Cleanup SSV disabled entry OK 
[2021/01/04 16:10:35.695] Cleanup new SSV disabled entry OK 
[2021/01/04 16:10:35.695] Cleanup HKCU dynamic clsid OK 
[2021/01/04 16:10:35.695] Cleanup HKCU new dynamic clsid OK 
[2021/01/04 16:10:35.695]  
[2021/01/04 16:10:35.695] GetFileVersion for [C:\Program Files\Mozilla Firefox\plugins\npDeployJava1.dll] FAILED (file does not exist) 
[2021/01/04 16:10:35.695]   isFileExist for [C:\Program Files\Mozilla Firefox\plugins\npdeploytk.dll] return FALSE 
[2021/01/04 16:10:35.695]   get system dir [C:\Windows\system32] FAIL, error code[-1] 
[2021/01/04 16:10:35.696]   isFileExist for [C:\Windows\system32\npDeployJava1.dll] return FALSE 
[2021/01/04 16:10:35.696]   isFileExist for [C:\Windows\system32\npdeploytk.dll] return FALSE 
[2021/01/04 16:10:35.696]   isFileExist for [C:\Windows\system32\deployJava1.dll] return FALSE 
[2021/01/04 16:10:44.431] RegisterDeployEx return: TRUE 
[2021/01/04 16:10:45.868] isQueryRequest: InstallType InstallHint SET to 2 
[2021/01/04 16:10:45.868]  isUserWebJavaStatusHint InstallHint SET to 1 
[2021/01/04 16:10:45.868] execJCPCmd cmd (run as desktop user):  -Djdk.disableLastUsageTracking -cp "C:\Program Files\Java\jre1.8.0_271\bin\..\lib\deploy.jar" com.sun.deploy.panel.ControlPanel -getUserWebJavaStatus 
[2021/01/04 16:10:45.869] RunAsDesktopUser - OnVistaOrLater, use CreateProcessWithTokenW 
[2021/01/04 16:10:45.869] RunAsDesktopUser - calling _CreateProcessWithTokenW 
[2021/01/04 16:10:46.169]   adding command:QUERY  
[2021/01/04 16:10:46.169]  isUserPreviousDecisionsExistQuery InstallHint SET to 0 
[2021/01/04 16:10:46.169]  isClearUserPreviousDecisionsQuery InstallHint SET to 0 
[2021/01/04 16:10:46.169]  isResetUserPrevousDecisionsQuery InstallHint SET to 0 
[2021/01/04 16:10:46.169]  isSystemConfigQuery InstallHint SET to 0 
[2021/01/04 16:10:46.170] isQueryRequest: InstallType InstallHint SET to 2 
[2021/01/04 16:10:46.170]  isUserWebJavaStatusHint InstallHint SET to 0 
[2021/01/04 16:10:46.170]  isUserPreviousDecisionsExistQuery InstallHint SET to 1 
[2021/01/04 16:10:46.170] execJCPCmd cmd (run as desktop user):  -Djdk.disableLastUsageTracking -cp "C:\Program Files\Java\jre1.8.0_271\bin\..\lib\deploy.jar" com.sun.deploy.panel.ControlPanel -getUserPreviousDecisionsExist 30 
[2021/01/04 16:10:46.171] RunAsDesktopUser - OnVistaOrLater, use CreateProcessWithTokenW 
[2021/01/04 16:10:46.171] RunAsDesktopUser - calling _CreateProcessWithTokenW 
[2021/01/04 16:10:46.439]   adding command:QUERY  
[2021/01/04 16:10:46.439]  isClearUserPreviousDecisionsQuery InstallHint SET to 0 
[2021/01/04 16:10:46.439]  isResetUserPrevousDecisionsQuery InstallHint SET to 0 
[2021/01/04 16:10:46.439]  isSystemConfigQuery InstallHint SET to 0 
