
  [30;42;1m PASS [39;49;22m[39m Tests\Unit\ExampleTest[39m
  [32;1m✓[39;22m[39m [2mbasic test[22m[39m

  [37;41;1m FAIL [39;49;22m[39m Tests\Feature\BrandServiceTest[39m
  [32;1m✓[39;22m[39m [2mread[22m[39m
  [31;1m⨯[39;22m[39m [2mcreate[22m[39m
  [32;1m✓[39;22m[39m [2mupdate[22m[39m
  [32;1m✓[39;22m[39m [2mdelete[22m[39m

  [30;42;1m PASS [39;49;22m[39m Tests\Feature\ExampleTest[39m
  [32;1m✓[39;22m[39m [2mbasic test[22m[39m

  [2m---[22m

  [31;1m• Tests\Feature\BrandServiceTest [39;22m> [31;1mcreate[39;22m
[39;1m  Failed asserting that a row in the table [brands] matches the attributes {
      "name": "Dr. Milton Marquardt IV"
  }.
  
  Found: [
      {
          "id": 1,
          "company_id": 1,
          "code": "292",
          "name": "Sampoerna",
          "created_by": 0,
          "updated_by": 0,
          "deleted_by": 0,
          "created_at": "2021-12-09 16:50:34",
          "updated_at": "2021-12-09 16:50:34",
          "deleted_at": null
      },
      {
          "id": 2,
          "company_id": 1,
          "code": "569",
          "name": "Bimoli",
          "created_by": 0,
          "updated_by": 0,
          "deleted_by": 0,
          "created_at": "2021-12-09 16:50:35",
          "updated_at": "2021-12-09 16:50:35",
          "deleted_at": null
      },
      {
          "id": 3,
          "company_id": 1,
          "code": "714",
          "name": "Fortune",
          "created_by": 0,
          "updated_by": 0,
          "deleted_by": 0,
          "created_at": "2021-12-09 16:50:35",
          "updated_at": "2021-12-09 16:50:35",
          "deleted_at": null
      }
  ] and 24 others.[39;22m

  at [32mC:\DCSLab\tests\Feature\BrandServiceTest.php[39m:[32m49[39m
     45▕ 
     46▕         $response = $this->service->create($company_id, $code, $name);
     47▕     
     48▕         $this->assertDatabaseHas('brands', [
  ➜  49▕             'name' => $this->faker->name
     50▕         ]);
     51▕     }
     52▕ 
     53▕     public function test_update()

  [33m1   [39m[39;1mC:\DCSLab\vendor\phpunit\phpunit\phpunit[39;22m:[39;1m92[39;22m
  [37m    PHPUnit\TextUI\Command::main()[39m


  [37;1mTests:  [39;22m[31;1m1 failed[39;22m[39m, [39m[32;1m5 passed[39;22m
  [37;1mTime:   [39;22m[39m0.94s[39m

