Discovered Package: [32mbarryvdh/laravel-debugbar[39m
Discovered Package: [32mcmgmyr/messenger[39m
Discovered Package: [32mfacade/ignition[39m
Discovered Package: [32mfideloper/proxy[39m
Discovered Package: [32mfruitcake/laravel-cors[39m
Discovered Package: [32mhieu-le/active[39m
Discovered Package: [32mintervention/image[39m
Discovered Package: [32mlaravel/fortify[39m
Discovered Package: [32mlaravel/sail[39m
Discovered Package: [32mlaravel/sanctum[39m
Discovered Package: [32mlaravel/tinker[39m
Discovered Package: [32mmcamara/laravel-localization[39m
Discovered Package: [32mmews/captcha[39m
Discovered Package: [32mnesbot/carbon[39m
Discovered Package: [32mnunomaduro/collision[39m
Discovered Package: [32mrap2hpoutre/laravel-log-viewer[39m
Discovered Package: [32msantigarcor/laratrust[39m
Discovered Package: [32mspatie/laravel-activitylog[39m
Discovered Package: [32mtightenco/ziggy[39m
Discovered Package: [32mvinkla/hashids[39m
[32mPackage manifest generated successfully.[39m
